<?xml version="1.0" encoding="UTF-8"?>
<testsuite xmlns:xsi="http://www.w3.org/2001/XMLSchema-instance" xsi:noNamespaceSchemaLocation="https://maven.apache.org/surefire/maven-surefire-plugin/xsd/surefire-test-report.xsd" name="com.example.Test" time="0.821" tests="1" errors="1" skipped="0" failures="0">
  <properties>
    <property name="sun.desktop" value="windows"/>
    <property name="awt.toolkit" value="sun.awt.windows.WToolkit"/>
    <property name="file.encoding.pkg" value="sun.io"/>
    <property name="java.specification.version" value="1.8"/>
    <property name="sun.cpu.isalist" value="amd64"/>
    <property name="sun.jnu.encoding" value="GBK"/>
    <property name="java.class.path" value="D:\Code\java2\社团\Answer\answer-user-8081\target\test-classes;D:\Code\java2\社团\Answer\answer-user-8081\target\classes;D:\Environment\apache-maven-3.8.1\maven-repo\org\springframework\boot\spring-boot-starter-web\2.3.0.RELEASE\spring-boot-starter-web-2.3.0.RELEASE.jar;D:\Environment\apache-maven-3.8.1\maven-repo\org\springframework\boot\spring-boot-starter\2.3.0.RELEASE\spring-boot-starter-2.3.0.RELEASE.jar;D:\Environment\apache-maven-3.8.1\maven-repo\org\springframework\boot\spring-boot-starter-logging\2.3.0.RELEASE\spring-boot-starter-logging-2.3.0.RELEASE.jar;D:\Environment\apache-maven-3.8.1\maven-repo\ch\qos\logback\logback-classic\1.2.5\logback-classic-1.2.5.jar;D:\Environment\apache-maven-3.8.1\maven-repo\ch\qos\logback\logback-core\1.2.5\logback-core-1.2.5.jar;D:\Environment\apache-maven-3.8.1\maven-repo\org\apache\logging\log4j\log4j-to-slf4j\2.13.2\log4j-to-slf4j-2.13.2.jar;D:\Environment\apache-maven-3.8.1\maven-repo\org\apache\logging\log4j\log4j-api\2.13.3\log4j-api-2.13.3.jar;D:\Environment\apache-maven-3.8.1\maven-repo\org\slf4j\jul-to-slf4j\1.7.30\jul-to-slf4j-1.7.30.jar;D:\Environment\apache-maven-3.8.1\maven-repo\jakarta\annotation\jakarta.annotation-api\1.3.5\jakarta.annotation-api-1.3.5.jar;D:\Environment\apache-maven-3.8.1\maven-repo\org\springframework\spring-core\5.2.8.RELEASE\spring-core-5.2.8.RELEASE.jar;D:\Environment\apache-maven-3.8.1\maven-repo\org\springframework\spring-jcl\5.2.8.RELEASE\spring-jcl-5.2.8.RELEASE.jar;D:\Environment\apache-maven-3.8.1\maven-repo\org\yaml\snakeyaml\1.26\snakeyaml-1.26.jar;D:\Environment\apache-maven-3.8.1\maven-repo\org\springframework\boot\spring-boot-starter-json\2.3.0.RELEASE\spring-boot-starter-json-2.3.0.RELEASE.jar;D:\Environment\apache-maven-3.8.1\maven-repo\com\fasterxml\jackson\datatype\jackson-datatype-jdk8\2.11.2\jackson-datatype-jdk8-2.11.2.jar;D:\Environment\apache-maven-3.8.1\maven-repo\com\fasterxml\jackson\datatype\jackson-datatype-jsr310\2.11.2\jackson-datatype-jsr310-2.11.2.jar;D:\Environment\apache-maven-3.8.1\maven-repo\com\fasterxml\jackson\module\jackson-module-parameter-names\2.11.2\jackson-module-parameter-names-2.11.2.jar;D:\Environment\apache-maven-3.8.1\maven-repo\org\springframework\boot\spring-boot-starter-tomcat\2.3.0.RELEASE\spring-boot-starter-tomcat-2.3.0.RELEASE.jar;D:\Environment\apache-maven-3.8.1\maven-repo\org\apache\tomcat\embed\tomcat-embed-core\9.0.35\tomcat-embed-core-9.0.35.jar;D:\Environment\apache-maven-3.8.1\maven-repo\org\glassfish\jakarta.el\3.0.3\jakarta.el-3.0.3.jar;D:\Environment\apache-maven-3.8.1\maven-repo\org\apache\tomcat\embed\tomcat-embed-websocket\9.0.35\tomcat-embed-websocket-9.0.35.jar;D:\Environment\apache-maven-3.8.1\maven-repo\org\springframework\spring-web\5.2.8.RELEASE\spring-web-5.2.8.RELEASE.jar;D:\Environment\apache-maven-3.8.1\maven-repo\org\springframework\spring-beans\5.2.8.RELEASE\spring-beans-5.2.8.RELEASE.jar;D:\Environment\apache-maven-3.8.1\maven-repo\org\springframework\spring-webmvc\5.2.8.RELEASE\spring-webmvc-5.2.8.RELEASE.jar;D:\Environment\apache-maven-3.8.1\maven-repo\org\springframework\spring-aop\5.2.8.RELEASE\spring-aop-5.2.8.RELEASE.jar;D:\Environment\apache-maven-3.8.1\maven-repo\org\springframework\spring-context\5.2.8.RELEASE\spring-context-5.2.8.RELEASE.jar;D:\Environment\apache-maven-3.8.1\maven-repo\org\springframework\spring-expression\5.2.8.RELEASE\spring-expression-5.2.8.RELEASE.jar;D:\Environment\apache-maven-3.8.1\maven-repo\org\projectlombok\lombok\1.18.20\lombok-1.18.20.jar;D:\Environment\apache-maven-3.8.1\maven-repo\com\github\yitter\yitter-idgenerator\1.0.6\yitter-idgenerator-1.0.6.jar;D:\Environment\apache-maven-3.8.1\maven-repo\com\fasterxml\jackson\core\jackson-databind\2.10.1\jackson-databind-2.10.1.jar;D:\Environment\apache-maven-3.8.1\maven-repo\com\fasterxml\jackson\core\jackson-annotations\2.10.1\jackson-annotations-2.10.1.jar;D:\Environment\apache-maven-3.8.1\maven-repo\org\apache\shiro\shiro-spring\1.5.2\shiro-spring-1.5.2.jar;D:\Environment\apache-maven-3.8.1\maven-repo\org\apache\shiro\shiro-core\1.5.2\shiro-core-1.5.2.jar;D:\Environment\apache-maven-3.8.1\maven-repo\org\apache\shiro\shiro-lang\1.5.2\shiro-lang-1.5.2.jar;D:\Environment\apache-maven-3.8.1\maven-repo\org\apache\shiro\shiro-cache\1.5.2\shiro-cache-1.5.2.jar;D:\Environment\apache-maven-3.8.1\maven-repo\org\apache\shiro\shiro-crypto-hash\1.5.2\shiro-crypto-hash-1.5.2.jar;D:\Environment\apache-maven-3.8.1\maven-repo\org\apache\shiro\shiro-crypto-core\1.5.2\shiro-crypto-core-1.5.2.jar;D:\Environment\apache-maven-3.8.1\maven-repo\org\apache\shiro\shiro-crypto-cipher\1.5.2\shiro-crypto-cipher-1.5.2.jar;D:\Environment\apache-maven-3.8.1\maven-repo\org\apache\shiro\shiro-config-core\1.5.2\shiro-config-core-1.5.2.jar;D:\Environment\apache-maven-3.8.1\maven-repo\org\apache\shiro\shiro-config-ogdl\1.5.2\shiro-config-ogdl-1.5.2.jar;D:\Environment\apache-maven-3.8.1\maven-repo\commons-beanutils\commons-beanutils\1.9.4\commons-beanutils-1.9.4.jar;D:\Environment\apache-maven-3.8.1\maven-repo\commons-collections\commons-collections\3.2.2\commons-collections-3.2.2.jar;D:\Environment\apache-maven-3.8.1\maven-repo\org\apache\shiro\shiro-event\1.5.2\shiro-event-1.5.2.jar;D:\Environment\apache-maven-3.8.1\maven-repo\org\apache\shiro\shiro-web\1.5.2\shiro-web-1.5.2.jar;D:\Environment\apache-maven-3.8.1\maven-repo\org\owasp\encoder\encoder\1.2.2\encoder-1.2.2.jar;D:\Environment\apache-maven-3.8.1\maven-repo\org\springframework\boot\spring-boot-starter-mail\2.3.0.RELEASE\spring-boot-starter-mail-2.3.0.RELEASE.jar;D:\Environment\apache-maven-3.8.1\maven-repo\org\springframework\spring-context-support\5.2.8.RELEASE\spring-context-support-5.2.8.RELEASE.jar;D:\Environment\apache-maven-3.8.1\maven-repo\com\sun\mail\jakarta.mail\1.6.5\jakarta.mail-1.6.5.jar;D:\Environment\apache-maven-3.8.1\maven-repo\com\sun\activation\jakarta.activation\1.2.2\jakarta.activation-1.2.2.jar;D:\Environment\apache-maven-3.8.1\maven-repo\com\github\qcloudsms\qcloudsms\1.0.6\qcloudsms-1.0.6.jar;D:\Environment\apache-maven-3.8.1\maven-repo\org\json\json\20170516\json-20170516.jar;D:\Environment\apache-maven-3.8.1\maven-repo\org\apache\httpcomponents\httpclient\4.5.12\httpclient-4.5.12.jar;D:\Environment\apache-maven-3.8.1\maven-repo\org\apache\httpcomponents\httpcore\4.4.13\httpcore-4.4.13.jar;D:\Environment\apache-maven-3.8.1\maven-repo\org\apache\httpcomponents\httpmime\4.5.12\httpmime-4.5.12.jar;D:\Environment\apache-maven-3.8.1\maven-repo\commons-codec\commons-codec\1.14\commons-codec-1.14.jar;D:\Environment\apache-maven-3.8.1\maven-repo\com\auth0\java-jwt\3.4.0\java-jwt-3.4.0.jar;D:\Environment\apache-maven-3.8.1\maven-repo\io\jsonwebtoken\jjwt\0.9.1\jjwt-0.9.1.jar;D:\Environment\apache-maven-3.8.1\maven-repo\com\fasterxml\jackson\core\jackson-core\2.10.1\jackson-core-2.10.1.jar;D:\Environment\apache-maven-3.8.1\maven-repo\org\apache\commons\commons-pool2\2.8.0\commons-pool2-2.8.0.jar;D:\Environment\apache-maven-3.8.1\maven-repo\org\springframework\boot\spring-boot-starter-data-redis\2.1.12.RELEASE\spring-boot-starter-data-redis-2.1.12.RELEASE.jar;D:\Environment\apache-maven-3.8.1\maven-repo\org\springframework\data\spring-data-redis\2.3.3.RELEASE\spring-data-redis-2.3.3.RELEASE.jar;D:\Environment\apache-maven-3.8.1\maven-repo\org\springframework\data\spring-data-keyvalue\2.3.3.RELEASE\spring-data-keyvalue-2.3.3.RELEASE.jar;D:\Environment\apache-maven-3.8.1\maven-repo\org\springframework\spring-oxm\5.2.8.RELEASE\spring-oxm-5.2.8.RELEASE.jar;D:\Environment\apache-maven-3.8.1\maven-repo\redis\clients\jedis\3.3.0\jedis-3.3.0.jar;D:\Environment\apache-maven-3.8.1\maven-repo\org\slf4j\slf4j-api\1.7.30\slf4j-api-1.7.30.jar;D:\Environment\apache-maven-3.8.1\maven-repo\io\lettuce\lettuce-core\5.1.8.RELEASE\lettuce-core-5.1.8.RELEASE.jar;D:\Environment\apache-maven-3.8.1\maven-repo\io\netty\netty-common\4.1.51.Final\netty-common-4.1.51.Final.jar;D:\Environment\apache-maven-3.8.1\maven-repo\io\netty\netty-handler\4.1.51.Final\netty-handler-4.1.51.Final.jar;D:\Environment\apache-maven-3.8.1\maven-repo\io\netty\netty-resolver\4.1.51.Final\netty-resolver-4.1.51.Final.jar;D:\Environment\apache-maven-3.8.1\maven-repo\io\netty\netty-buffer\4.1.51.Final\netty-buffer-4.1.51.Final.jar;D:\Environment\apache-maven-3.8.1\maven-repo\io\netty\netty-codec\4.1.51.Final\netty-codec-4.1.51.Final.jar;D:\Environment\apache-maven-3.8.1\maven-repo\io\netty\netty-transport\4.1.51.Final\netty-transport-4.1.51.Final.jar;D:\Environment\apache-maven-3.8.1\maven-repo\io\projectreactor\reactor-core\3.3.9.RELEASE\reactor-core-3.3.9.RELEASE.jar;D:\Environment\apache-maven-3.8.1\maven-repo\org\reactivestreams\reactive-streams\1.0.3\reactive-streams-1.0.3.jar;D:\Environment\apache-maven-3.8.1\maven-repo\cn\dev33\sa-token-spring-boot-starter\1.26.0\sa-token-spring-boot-starter-1.26.0.jar;D:\Environment\apache-maven-3.8.1\maven-repo\cn\dev33\sa-token-servlet\1.26.0\sa-token-servlet-1.26.0.jar;D:\Environment\apache-maven-3.8.1\maven-repo\org\springframework\boot\spring-boot-devtools\2.3.3.RELEASE\spring-boot-devtools-2.3.3.RELEASE.jar;D:\Environment\apache-maven-3.8.1\maven-repo\org\springframework\boot\spring-boot\2.3.0.RELEASE\spring-boot-2.3.0.RELEASE.jar;D:\Environment\apache-maven-3.8.1\maven-repo\org\springframework\boot\spring-boot-autoconfigure\2.3.0.RELEASE\spring-boot-autoconfigure-2.3.0.RELEASE.jar;D:\Environment\apache-maven-3.8.1\maven-repo\cn\dev33\sa-token-dao-redis-jackson\1.26.0\sa-token-dao-redis-jackson-1.26.0.jar;D:\Environment\apache-maven-3.8.1\maven-repo\cn\dev33\sa-token-core\1.26.0\sa-token-core-1.26.0.jar;D:\Environment\apache-maven-3.8.1\maven-repo\com\alibaba\cloud\spring-cloud-starter-alibaba-sentinel\2.2.1.RELEASE\spring-cloud-starter-alibaba-sentinel-2.2.1.RELEASE.jar;D:\Environment\apache-maven-3.8.1\maven-repo\com\alibaba\csp\sentinel-transport-simple-http\1.7.1\sentinel-transport-simple-http-1.7.1.jar;D:\Environment\apache-maven-3.8.1\maven-repo\com\alibaba\csp\sentinel-transport-common\1.7.1\sentinel-transport-common-1.7.1.jar;D:\Environment\apache-maven-3.8.1\maven-repo\com\alibaba\csp\sentinel-datasource-extension\1.7.1\sentinel-datasource-extension-1.7.1.jar;D:\Environment\apache-maven-3.8.1\maven-repo\com\alibaba\fastjson\1.2.62\fastjson-1.2.62.jar;D:\Environment\apache-maven-3.8.1\maven-repo\com\alibaba\csp\sentinel-annotation-aspectj\1.7.1\sentinel-annotation-aspectj-1.7.1.jar;D:\Environment\apache-maven-3.8.1\maven-repo\com\alibaba\csp\sentinel-core\1.7.1\sentinel-core-1.7.1.jar;D:\Environment\apache-maven-3.8.1\maven-repo\org\aspectj\aspectjrt\1.9.5\aspectjrt-1.9.5.jar;D:\Environment\apache-maven-3.8.1\maven-repo\org\aspectj\aspectjweaver\1.9.5\aspectjweaver-1.9.5.jar;D:\Environment\apache-maven-3.8.1\maven-repo\com\alibaba\cloud\spring-cloud-circuitbreaker-sentinel\2.2.1.RELEASE\spring-cloud-circuitbreaker-sentinel-2.2.1.RELEASE.jar;D:\Environment\apache-maven-3.8.1\maven-repo\org\springframework\cloud\spring-cloud-commons\2.2.5.RELEASE\spring-cloud-commons-2.2.5.RELEASE.jar;D:\Environment\apache-maven-3.8.1\maven-repo\org\springframework\security\spring-security-crypto\5.3.4.RELEASE\spring-security-crypto-5.3.4.RELEASE.jar;D:\Environment\apache-maven-3.8.1\maven-repo\com\alibaba\csp\sentinel-reactor-adapter\1.7.1\sentinel-reactor-adapter-1.7.1.jar;D:\Environment\apache-maven-3.8.1\maven-repo\com\alibaba\csp\sentinel-spring-webflux-adapter\1.7.1\sentinel-spring-webflux-adapter-1.7.1.jar;D:\Environment\apache-maven-3.8.1\maven-repo\com\alibaba\csp\sentinel-spring-webmvc-adapter\1.7.1\sentinel-spring-webmvc-adapter-1.7.1.jar;D:\Environment\apache-maven-3.8.1\maven-repo\com\alibaba\csp\sentinel-parameter-flow-control\1.7.1\sentinel-parameter-flow-control-1.7.1.jar;D:\Environment\apache-maven-3.8.1\maven-repo\com\googlecode\concurrentlinkedhashmap\concurrentlinkedhashmap-lru\1.4.2\concurrentlinkedhashmap-lru-1.4.2.jar;D:\Environment\apache-maven-3.8.1\maven-repo\com\alibaba\csp\sentinel-cluster-server-default\1.7.1\sentinel-cluster-server-default-1.7.1.jar;D:\Environment\apache-maven-3.8.1\maven-repo\com\alibaba\csp\sentinel-cluster-common-default\1.7.1\sentinel-cluster-common-default-1.7.1.jar;D:\Environment\apache-maven-3.8.1\maven-repo\com\alibaba\csp\sentinel-cluster-client-default\1.7.1\sentinel-cluster-client-default-1.7.1.jar;D:\Environment\apache-maven-3.8.1\maven-repo\com\alibaba\cloud\spring-cloud-alibaba-sentinel-datasource\2.2.1.RELEASE\spring-cloud-alibaba-sentinel-datasource-2.2.1.RELEASE.jar;D:\Environment\apache-maven-3.8.1\maven-repo\com\fasterxml\jackson\dataformat\jackson-dataformat-xml\2.11.2\jackson-dataformat-xml-2.11.2.jar;D:\Environment\apache-maven-3.8.1\maven-repo\com\fasterxml\jackson\module\jackson-module-jaxb-annotations\2.11.2\jackson-module-jaxb-annotations-2.11.2.jar;D:\Environment\apache-maven-3.8.1\maven-repo\jakarta\xml\bind\jakarta.xml.bind-api\2.3.3\jakarta.xml.bind-api-2.3.3.jar;D:\Environment\apache-maven-3.8.1\maven-repo\jakarta\activation\jakarta.activation-api\1.2.2\jakarta.activation-api-1.2.2.jar;D:\Environment\apache-maven-3.8.1\maven-repo\org\codehaus\woodstox\stax2-api\4.2.1\stax2-api-4.2.1.jar;D:\Environment\apache-maven-3.8.1\maven-repo\com\fasterxml\woodstox\woodstox-core\6.2.1\woodstox-core-6.2.1.jar;D:\Environment\apache-maven-3.8.1\maven-repo\org\springframework\boot\spring-boot-configuration-processor\2.3.0.RELEASE\spring-boot-configuration-processor-2.3.0.RELEASE.jar;D:\Environment\apache-maven-3.8.1\maven-repo\org\springframework\boot\spring-boot-starter-quartz\2.5.4\spring-boot-starter-quartz-2.5.4.jar;D:\Environment\apache-maven-3.8.1\maven-repo\org\springframework\spring-tx\5.2.8.RELEASE\spring-tx-5.2.8.RELEASE.jar;D:\Environment\apache-maven-3.8.1\maven-repo\org\quartz-scheduler\quartz\2.3.2\quartz-2.3.2.jar;D:\Environment\apache-maven-3.8.1\maven-repo\com\mchange\mchange-commons-java\0.2.15\mchange-commons-java-0.2.15.jar;D:\Environment\apache-maven-3.8.1\maven-repo\org\springframework\boot\spring-boot-starter-amqp\2.3.0.RELEASE\spring-boot-starter-amqp-2.3.0.RELEASE.jar;D:\Environment\apache-maven-3.8.1\maven-repo\org\springframework\spring-messaging\5.2.8.RELEASE\spring-messaging-5.2.8.RELEASE.jar;D:\Environment\apache-maven-3.8.1\maven-repo\org\springframework\amqp\spring-rabbit\2.2.6.RELEASE\spring-rabbit-2.2.6.RELEASE.jar;D:\Environment\apache-maven-3.8.1\maven-repo\com\rabbitmq\amqp-client\5.9.0\amqp-client-5.9.0.jar;D:\Environment\apache-maven-3.8.1\maven-repo\org\springframework\amqp\spring-amqp\2.2.6.RELEASE\spring-amqp-2.2.6.RELEASE.jar;D:\Environment\apache-maven-3.8.1\maven-repo\org\springframework\retry\spring-retry\1.2.5.RELEASE\spring-retry-1.2.5.RELEASE.jar;D:\Environment\apache-maven-3.8.1\maven-repo\com\luyi\answer-common\1.0-SNAPSHOT\answer-common-1.0-SNAPSHOT.jar;D:\Environment\apache-maven-3.8.1\maven-repo\mysql\mysql-connector-java\8.0.24\mysql-connector-java-8.0.24.jar;D:\Environment\apache-maven-3.8.1\maven-repo\com\google\protobuf\protobuf-java\3.12.2\protobuf-java-3.12.2.jar;D:\Environment\apache-maven-3.8.1\maven-repo\cn\hutool\hutool-all\5.4.0\hutool-all-5.4.0.jar;D:\Environment\apache-maven-3.8.1\maven-repo\junit\junit\4.13\junit-4.13.jar;D:\Environment\apache-maven-3.8.1\maven-repo\org\hamcrest\hamcrest-core\2.2\hamcrest-core-2.2.jar;D:\Environment\apache-maven-3.8.1\maven-repo\org\hamcrest\hamcrest\2.2\hamcrest-2.2.jar;D:\Environment\apache-maven-3.8.1\maven-repo\org\springframework\data\spring-data-commons\2.3.3.RELEASE\spring-data-commons-2.3.3.RELEASE.jar;D:\Environment\apache-maven-3.8.1\maven-repo\com\baomidou\mybatis-plus-support\2.2.0\mybatis-plus-support-2.2.0.jar;D:\Environment\apache-maven-3.8.1\maven-repo\com\baomidou\mybatis-plus-extension\3.4.3.1\mybatis-plus-extension-3.4.3.1.jar;D:\Environment\apache-maven-3.8.1\maven-repo\com\baomidou\mybatis-plus-core\3.4.3.1\mybatis-plus-core-3.4.3.1.jar;D:\Environment\apache-maven-3.8.1\maven-repo\com\baomidou\mybatis-plus-annotation\3.4.3.1\mybatis-plus-annotation-3.4.3.1.jar;D:\Environment\apache-maven-3.8.1\maven-repo\com\github\jsqlparser\jsqlparser\4.0\jsqlparser-4.0.jar;D:\Environment\apache-maven-3.8.1\maven-repo\org\mybatis\mybatis\3.5.7\mybatis-3.5.7.jar;D:\Environment\apache-maven-3.8.1\maven-repo\org\mybatis\mybatis-spring\2.0.6\mybatis-spring-2.0.6.jar;"/>
    <property name="java.vm.vendor" value="Oracle Corporation"/>
    <property name="sun.arch.data.model" value="64"/>
    <property name="user.variant" value=""/>
    <property name="java.vendor.url" value="http://java.oracle.com/"/>
    <property name="user.timezone" value="Asia/Shanghai"/>
    <property name="java.vm.specification.version" value="1.8"/>
    <property name="os.name" value="Windows 10"/>
    <property name="user.country" value="CN"/>
    <property name="sun.java.launcher" value="SUN_STANDARD"/>
    <property name="sun.boot.library.path" value="D:\application3\JAVA\jre\bin"/>
    <property name="sun.java.command" value="C:\Users\lenovo\AppData\Local\Temp\surefire3918285707806183818\surefirebooter2576942513640743588.jar C:\Users\lenovo\AppData\Local\Temp\surefire3918285707806183818 2021-11-27T18-59-55_672-jvmRun1 surefire2656277742096280674tmp surefire_01398562456120234877tmp"/>
    <property name="surefire.test.class.path" value="D:\Code\java2\社团\Answer\answer-user-8081\target\test-classes;D:\Code\java2\社团\Answer\answer-user-8081\target\classes;D:\Environment\apache-maven-3.8.1\maven-repo\org\springframework\boot\spring-boot-starter-web\2.3.0.RELEASE\spring-boot-starter-web-2.3.0.RELEASE.jar;D:\Environment\apache-maven-3.8.1\maven-repo\org\springframework\boot\spring-boot-starter\2.3.0.RELEASE\spring-boot-starter-2.3.0.RELEASE.jar;D:\Environment\apache-maven-3.8.1\maven-repo\org\springframework\boot\spring-boot-starter-logging\2.3.0.RELEASE\spring-boot-starter-logging-2.3.0.RELEASE.jar;D:\Environment\apache-maven-3.8.1\maven-repo\ch\qos\logback\logback-classic\1.2.5\logback-classic-1.2.5.jar;D:\Environment\apache-maven-3.8.1\maven-repo\ch\qos\logback\logback-core\1.2.5\logback-core-1.2.5.jar;D:\Environment\apache-maven-3.8.1\maven-repo\org\apache\logging\log4j\log4j-to-slf4j\2.13.2\log4j-to-slf4j-2.13.2.jar;D:\Environment\apache-maven-3.8.1\maven-repo\org\apache\logging\log4j\log4j-api\2.13.3\log4j-api-2.13.3.jar;D:\Environment\apache-maven-3.8.1\maven-repo\org\slf4j\jul-to-slf4j\1.7.30\jul-to-slf4j-1.7.30.jar;D:\Environment\apache-maven-3.8.1\maven-repo\jakarta\annotation\jakarta.annotation-api\1.3.5\jakarta.annotation-api-1.3.5.jar;D:\Environment\apache-maven-3.8.1\maven-repo\org\springframework\spring-core\5.2.8.RELEASE\spring-core-5.2.8.RELEASE.jar;D:\Environment\apache-maven-3.8.1\maven-repo\org\springframework\spring-jcl\5.2.8.RELEASE\spring-jcl-5.2.8.RELEASE.jar;D:\Environment\apache-maven-3.8.1\maven-repo\org\yaml\snakeyaml\1.26\snakeyaml-1.26.jar;D:\Environment\apache-maven-3.8.1\maven-repo\org\springframework\boot\spring-boot-starter-json\2.3.0.RELEASE\spring-boot-starter-json-2.3.0.RELEASE.jar;D:\Environment\apache-maven-3.8.1\maven-repo\com\fasterxml\jackson\datatype\jackson-datatype-jdk8\2.11.2\jackson-datatype-jdk8-2.11.2.jar;D:\Environment\apache-maven-3.8.1\maven-repo\com\fasterxml\jackson\datatype\jackson-datatype-jsr310\2.11.2\jackson-datatype-jsr310-2.11.2.jar;D:\Environment\apache-maven-3.8.1\maven-repo\com\fasterxml\jackson\module\jackson-module-parameter-names\2.11.2\jackson-module-parameter-names-2.11.2.jar;D:\Environment\apache-maven-3.8.1\maven-repo\org\springframework\boot\spring-boot-starter-tomcat\2.3.0.RELEASE\spring-boot-starter-tomcat-2.3.0.RELEASE.jar;D:\Environment\apache-maven-3.8.1\maven-repo\org\apache\tomcat\embed\tomcat-embed-core\9.0.35\tomcat-embed-core-9.0.35.jar;D:\Environment\apache-maven-3.8.1\maven-repo\org\glassfish\jakarta.el\3.0.3\jakarta.el-3.0.3.jar;D:\Environment\apache-maven-3.8.1\maven-repo\org\apache\tomcat\embed\tomcat-embed-websocket\9.0.35\tomcat-embed-websocket-9.0.35.jar;D:\Environment\apache-maven-3.8.1\maven-repo\org\springframework\spring-web\5.2.8.RELEASE\spring-web-5.2.8.RELEASE.jar;D:\Environment\apache-maven-3.8.1\maven-repo\org\springframework\spring-beans\5.2.8.RELEASE\spring-beans-5.2.8.RELEASE.jar;D:\Environment\apache-maven-3.8.1\maven-repo\org\springframework\spring-webmvc\5.2.8.RELEASE\spring-webmvc-5.2.8.RELEASE.jar;D:\Environment\apache-maven-3.8.1\maven-repo\org\springframework\spring-aop\5.2.8.RELEASE\spring-aop-5.2.8.RELEASE.jar;D:\Environment\apache-maven-3.8.1\maven-repo\org\springframework\spring-context\5.2.8.RELEASE\spring-context-5.2.8.RELEASE.jar;D:\Environment\apache-maven-3.8.1\maven-repo\org\springframework\spring-expression\5.2.8.RELEASE\spring-expression-5.2.8.RELEASE.jar;D:\Environment\apache-maven-3.8.1\maven-repo\org\projectlombok\lombok\1.18.20\lombok-1.18.20.jar;D:\Environment\apache-maven-3.8.1\maven-repo\com\github\yitter\yitter-idgenerator\1.0.6\yitter-idgenerator-1.0.6.jar;D:\Environment\apache-maven-3.8.1\maven-repo\com\fasterxml\jackson\core\jackson-databind\2.10.1\jackson-databind-2.10.1.jar;D:\Environment\apache-maven-3.8.1\maven-repo\com\fasterxml\jackson\core\jackson-annotations\2.10.1\jackson-annotations-2.10.1.jar;D:\Environment\apache-maven-3.8.1\maven-repo\org\apache\shiro\shiro-spring\1.5.2\shiro-spring-1.5.2.jar;D:\Environment\apache-maven-3.8.1\maven-repo\org\apache\shiro\shiro-core\1.5.2\shiro-core-1.5.2.jar;D:\Environment\apache-maven-3.8.1\maven-repo\org\apache\shiro\shiro-lang\1.5.2\shiro-lang-1.5.2.jar;D:\Environment\apache-maven-3.8.1\maven-repo\org\apache\shiro\shiro-cache\1.5.2\shiro-cache-1.5.2.jar;D:\Environment\apache-maven-3.8.1\maven-repo\org\apache\shiro\shiro-crypto-hash\1.5.2\shiro-crypto-hash-1.5.2.jar;D:\Environment\apache-maven-3.8.1\maven-repo\org\apache\shiro\shiro-crypto-core\1.5.2\shiro-crypto-core-1.5.2.jar;D:\Environment\apache-maven-3.8.1\maven-repo\org\apache\shiro\shiro-crypto-cipher\1.5.2\shiro-crypto-cipher-1.5.2.jar;D:\Environment\apache-maven-3.8.1\maven-repo\org\apache\shiro\shiro-config-core\1.5.2\shiro-config-core-1.5.2.jar;D:\Environment\apache-maven-3.8.1\maven-repo\org\apache\shiro\shiro-config-ogdl\1.5.2\shiro-config-ogdl-1.5.2.jar;D:\Environment\apache-maven-3.8.1\maven-repo\commons-beanutils\commons-beanutils\1.9.4\commons-beanutils-1.9.4.jar;D:\Environment\apache-maven-3.8.1\maven-repo\commons-collections\commons-collections\3.2.2\commons-collections-3.2.2.jar;D:\Environment\apache-maven-3.8.1\maven-repo\org\apache\shiro\shiro-event\1.5.2\shiro-event-1.5.2.jar;D:\Environment\apache-maven-3.8.1\maven-repo\org\apache\shiro\shiro-web\1.5.2\shiro-web-1.5.2.jar;D:\Environment\apache-maven-3.8.1\maven-repo\org\owasp\encoder\encoder\1.2.2\encoder-1.2.2.jar;D:\Environment\apache-maven-3.8.1\maven-repo\org\springframework\boot\spring-boot-starter-mail\2.3.0.RELEASE\spring-boot-starter-mail-2.3.0.RELEASE.jar;D:\Environment\apache-maven-3.8.1\maven-repo\org\springframework\spring-context-support\5.2.8.RELEASE\spring-context-support-5.2.8.RELEASE.jar;D:\Environment\apache-maven-3.8.1\maven-repo\com\sun\mail\jakarta.mail\1.6.5\jakarta.mail-1.6.5.jar;D:\Environment\apache-maven-3.8.1\maven-repo\com\sun\activation\jakarta.activation\1.2.2\jakarta.activation-1.2.2.jar;D:\Environment\apache-maven-3.8.1\maven-repo\com\github\qcloudsms\qcloudsms\1.0.6\qcloudsms-1.0.6.jar;D:\Environment\apache-maven-3.8.1\maven-repo\org\json\json\20170516\json-20170516.jar;D:\Environment\apache-maven-3.8.1\maven-repo\org\apache\httpcomponents\httpclient\4.5.12\httpclient-4.5.12.jar;D:\Environment\apache-maven-3.8.1\maven-repo\org\apache\httpcomponents\httpcore\4.4.13\httpcore-4.4.13.jar;D:\Environment\apache-maven-3.8.1\maven-repo\org\apache\httpcomponents\httpmime\4.5.12\httpmime-4.5.12.jar;D:\Environment\apache-maven-3.8.1\maven-repo\commons-codec\commons-codec\1.14\commons-codec-1.14.jar;D:\Environment\apache-maven-3.8.1\maven-repo\com\auth0\java-jwt\3.4.0\java-jwt-3.4.0.jar;D:\Environment\apache-maven-3.8.1\maven-repo\io\jsonwebtoken\jjwt\0.9.1\jjwt-0.9.1.jar;D:\Environment\apache-maven-3.8.1\maven-repo\com\fasterxml\jackson\core\jackson-core\2.10.1\jackson-core-2.10.1.jar;D:\Environment\apache-maven-3.8.1\maven-repo\org\apache\commons\commons-pool2\2.8.0\commons-pool2-2.8.0.jar;D:\Environment\apache-maven-3.8.1\maven-repo\org\springframework\boot\spring-boot-starter-data-redis\2.1.12.RELEASE\spring-boot-starter-data-redis-2.1.12.RELEASE.jar;D:\Environment\apache-maven-3.8.1\maven-repo\org\springframework\data\spring-data-redis\2.3.3.RELEASE\spring-data-redis-2.3.3.RELEASE.jar;D:\Environment\apache-maven-3.8.1\maven-repo\org\springframework\data\spring-data-keyvalue\2.3.3.RELEASE\spring-data-keyvalue-2.3.3.RELEASE.jar;D:\Environment\apache-maven-3.8.1\maven-repo\org\springframework\spring-oxm\5.2.8.RELEASE\spring-oxm-5.2.8.RELEASE.jar;D:\Environment\apache-maven-3.8.1\maven-repo\redis\clients\jedis\3.3.0\jedis-3.3.0.jar;D:\Environment\apache-maven-3.8.1\maven-repo\org\slf4j\slf4j-api\1.7.30\slf4j-api-1.7.30.jar;D:\Environment\apache-maven-3.8.1\maven-repo\io\lettuce\lettuce-core\5.1.8.RELEASE\lettuce-core-5.1.8.RELEASE.jar;D:\Environment\apache-maven-3.8.1\maven-repo\io\netty\netty-common\4.1.51.Final\netty-common-4.1.51.Final.jar;D:\Environment\apache-maven-3.8.1\maven-repo\io\netty\netty-handler\4.1.51.Final\netty-handler-4.1.51.Final.jar;D:\Environment\apache-maven-3.8.1\maven-repo\io\netty\netty-resolver\4.1.51.Final\netty-resolver-4.1.51.Final.jar;D:\Environment\apache-maven-3.8.1\maven-repo\io\netty\netty-buffer\4.1.51.Final\netty-buffer-4.1.51.Final.jar;D:\Environment\apache-maven-3.8.1\maven-repo\io\netty\netty-codec\4.1.51.Final\netty-codec-4.1.51.Final.jar;D:\Environment\apache-maven-3.8.1\maven-repo\io\netty\netty-transport\4.1.51.Final\netty-transport-4.1.51.Final.jar;D:\Environment\apache-maven-3.8.1\maven-repo\io\projectreactor\reactor-core\3.3.9.RELEASE\reactor-core-3.3.9.RELEASE.jar;D:\Environment\apache-maven-3.8.1\maven-repo\org\reactivestreams\reactive-streams\1.0.3\reactive-streams-1.0.3.jar;D:\Environment\apache-maven-3.8.1\maven-repo\cn\dev33\sa-token-spring-boot-starter\1.26.0\sa-token-spring-boot-starter-1.26.0.jar;D:\Environment\apache-maven-3.8.1\maven-repo\cn\dev33\sa-token-servlet\1.26.0\sa-token-servlet-1.26.0.jar;D:\Environment\apache-maven-3.8.1\maven-repo\org\springframework\boot\spring-boot-devtools\2.3.3.RELEASE\spring-boot-devtools-2.3.3.RELEASE.jar;D:\Environment\apache-maven-3.8.1\maven-repo\org\springframework\boot\spring-boot\2.3.0.RELEASE\spring-boot-2.3.0.RELEASE.jar;D:\Environment\apache-maven-3.8.1\maven-repo\org\springframework\boot\spring-boot-autoconfigure\2.3.0.RELEASE\spring-boot-autoconfigure-2.3.0.RELEASE.jar;D:\Environment\apache-maven-3.8.1\maven-repo\cn\dev33\sa-token-dao-redis-jackson\1.26.0\sa-token-dao-redis-jackson-1.26.0.jar;D:\Environment\apache-maven-3.8.1\maven-repo\cn\dev33\sa-token-core\1.26.0\sa-token-core-1.26.0.jar;D:\Environment\apache-maven-3.8.1\maven-repo\com\alibaba\cloud\spring-cloud-starter-alibaba-sentinel\2.2.1.RELEASE\spring-cloud-starter-alibaba-sentinel-2.2.1.RELEASE.jar;D:\Environment\apache-maven-3.8.1\maven-repo\com\alibaba\csp\sentinel-transport-simple-http\1.7.1\sentinel-transport-simple-http-1.7.1.jar;D:\Environment\apache-maven-3.8.1\maven-repo\com\alibaba\csp\sentinel-transport-common\1.7.1\sentinel-transport-common-1.7.1.jar;D:\Environment\apache-maven-3.8.1\maven-repo\com\alibaba\csp\sentinel-datasource-extension\1.7.1\sentinel-datasource-extension-1.7.1.jar;D:\Environment\apache-maven-3.8.1\maven-repo\com\alibaba\fastjson\1.2.62\fastjson-1.2.62.jar;D:\Environment\apache-maven-3.8.1\maven-repo\com\alibaba\csp\sentinel-annotation-aspectj\1.7.1\sentinel-annotation-aspectj-1.7.1.jar;D:\Environment\apache-maven-3.8.1\maven-repo\com\alibaba\csp\sentinel-core\1.7.1\sentinel-core-1.7.1.jar;D:\Environment\apache-maven-3.8.1\maven-repo\org\aspectj\aspectjrt\1.9.5\aspectjrt-1.9.5.jar;D:\Environment\apache-maven-3.8.1\maven-repo\org\aspectj\aspectjweaver\1.9.5\aspectjweaver-1.9.5.jar;D:\Environment\apache-maven-3.8.1\maven-repo\com\alibaba\cloud\spring-cloud-circuitbreaker-sentinel\2.2.1.RELEASE\spring-cloud-circuitbreaker-sentinel-2.2.1.RELEASE.jar;D:\Environment\apache-maven-3.8.1\maven-repo\org\springframework\cloud\spring-cloud-commons\2.2.5.RELEASE\spring-cloud-commons-2.2.5.RELEASE.jar;D:\Environment\apache-maven-3.8.1\maven-repo\org\springframework\security\spring-security-crypto\5.3.4.RELEASE\spring-security-crypto-5.3.4.RELEASE.jar;D:\Environment\apache-maven-3.8.1\maven-repo\com\alibaba\csp\sentinel-reactor-adapter\1.7.1\sentinel-reactor-adapter-1.7.1.jar;D:\Environment\apache-maven-3.8.1\maven-repo\com\alibaba\csp\sentinel-spring-webflux-adapter\1.7.1\sentinel-spring-webflux-adapter-1.7.1.jar;D:\Environment\apache-maven-3.8.1\maven-repo\com\alibaba\csp\sentinel-spring-webmvc-adapter\1.7.1\sentinel-spring-webmvc-adapter-1.7.1.jar;D:\Environment\apache-maven-3.8.1\maven-repo\com\alibaba\csp\sentinel-parameter-flow-control\1.7.1\sentinel-parameter-flow-control-1.7.1.jar;D:\Environment\apache-maven-3.8.1\maven-repo\com\googlecode\concurrentlinkedhashmap\concurrentlinkedhashmap-lru\1.4.2\concurrentlinkedhashmap-lru-1.4.2.jar;D:\Environment\apache-maven-3.8.1\maven-repo\com\alibaba\csp\sentinel-cluster-server-default\1.7.1\sentinel-cluster-server-default-1.7.1.jar;D:\Environment\apache-maven-3.8.1\maven-repo\com\alibaba\csp\sentinel-cluster-common-default\1.7.1\sentinel-cluster-common-default-1.7.1.jar;D:\Environment\apache-maven-3.8.1\maven-repo\com\alibaba\csp\sentinel-cluster-client-default\1.7.1\sentinel-cluster-client-default-1.7.1.jar;D:\Environment\apache-maven-3.8.1\maven-repo\com\alibaba\cloud\spring-cloud-alibaba-sentinel-datasource\2.2.1.RELEASE\spring-cloud-alibaba-sentinel-datasource-2.2.1.RELEASE.jar;D:\Environment\apache-maven-3.8.1\maven-repo\com\fasterxml\jackson\dataformat\jackson-dataformat-xml\2.11.2\jackson-dataformat-xml-2.11.2.jar;D:\Environment\apache-maven-3.8.1\maven-repo\com\fasterxml\jackson\module\jackson-module-jaxb-annotations\2.11.2\jackson-module-jaxb-annotations-2.11.2.jar;D:\Environment\apache-maven-3.8.1\maven-repo\jakarta\xml\bind\jakarta.xml.bind-api\2.3.3\jakarta.xml.bind-api-2.3.3.jar;D:\Environment\apache-maven-3.8.1\maven-repo\jakarta\activation\jakarta.activation-api\1.2.2\jakarta.activation-api-1.2.2.jar;D:\Environment\apache-maven-3.8.1\maven-repo\org\codehaus\woodstox\stax2-api\4.2.1\stax2-api-4.2.1.jar;D:\Environment\apache-maven-3.8.1\maven-repo\com\fasterxml\woodstox\woodstox-core\6.2.1\woodstox-core-6.2.1.jar;D:\Environment\apache-maven-3.8.1\maven-repo\org\springframework\boot\spring-boot-configuration-processor\2.3.0.RELEASE\spring-boot-configuration-processor-2.3.0.RELEASE.jar;D:\Environment\apache-maven-3.8.1\maven-repo\org\springframework\boot\spring-boot-starter-quartz\2.5.4\spring-boot-starter-quartz-2.5.4.jar;D:\Environment\apache-maven-3.8.1\maven-repo\org\springframework\spring-tx\5.2.8.RELEASE\spring-tx-5.2.8.RELEASE.jar;D:\Environment\apache-maven-3.8.1\maven-repo\org\quartz-scheduler\quartz\2.3.2\quartz-2.3.2.jar;D:\Environment\apache-maven-3.8.1\maven-repo\com\mchange\mchange-commons-java\0.2.15\mchange-commons-java-0.2.15.jar;D:\Environment\apache-maven-3.8.1\maven-repo\org\springframework\boot\spring-boot-starter-amqp\2.3.0.RELEASE\spring-boot-starter-amqp-2.3.0.RELEASE.jar;D:\Environment\apache-maven-3.8.1\maven-repo\org\springframework\spring-messaging\5.2.8.RELEASE\spring-messaging-5.2.8.RELEASE.jar;D:\Environment\apache-maven-3.8.1\maven-repo\org\springframework\amqp\spring-rabbit\2.2.6.RELEASE\spring-rabbit-2.2.6.RELEASE.jar;D:\Environment\apache-maven-3.8.1\maven-repo\com\rabbitmq\amqp-client\5.9.0\amqp-client-5.9.0.jar;D:\Environment\apache-maven-3.8.1\maven-repo\org\springframework\amqp\spring-amqp\2.2.6.RELEASE\spring-amqp-2.2.6.RELEASE.jar;D:\Environment\apache-maven-3.8.1\maven-repo\org\springframework\retry\spring-retry\1.2.5.RELEASE\spring-retry-1.2.5.RELEASE.jar;D:\Environment\apache-maven-3.8.1\maven-repo\com\luyi\answer-common\1.0-SNAPSHOT\answer-common-1.0-SNAPSHOT.jar;D:\Environment\apache-maven-3.8.1\maven-repo\mysql\mysql-connector-java\8.0.24\mysql-connector-java-8.0.24.jar;D:\Environment\apache-maven-3.8.1\maven-repo\com\google\protobuf\protobuf-java\3.12.2\protobuf-java-3.12.2.jar;D:\Environment\apache-maven-3.8.1\maven-repo\cn\hutool\hutool-all\5.4.0\hutool-all-5.4.0.jar;D:\Environment\apache-maven-3.8.1\maven-repo\junit\junit\4.13\junit-4.13.jar;D:\Environment\apache-maven-3.8.1\maven-repo\org\hamcrest\hamcrest-core\2.2\hamcrest-core-2.2.jar;D:\Environment\apache-maven-3.8.1\maven-repo\org\hamcrest\hamcrest\2.2\hamcrest-2.2.jar;D:\Environment\apache-maven-3.8.1\maven-repo\org\springframework\data\spring-data-commons\2.3.3.RELEASE\spring-data-commons-2.3.3.RELEASE.jar;D:\Environment\apache-maven-3.8.1\maven-repo\com\baomidou\mybatis-plus-support\2.2.0\mybatis-plus-support-2.2.0.jar;D:\Environment\apache-maven-3.8.1\maven-repo\com\baomidou\mybatis-plus-extension\3.4.3.1\mybatis-plus-extension-3.4.3.1.jar;D:\Environment\apache-maven-3.8.1\maven-repo\com\baomidou\mybatis-plus-core\3.4.3.1\mybatis-plus-core-3.4.3.1.jar;D:\Environment\apache-maven-3.8.1\maven-repo\com\baomidou\mybatis-plus-annotation\3.4.3.1\mybatis-plus-annotation-3.4.3.1.jar;D:\Environment\apache-maven-3.8.1\maven-repo\com\github\jsqlparser\jsqlparser\4.0\jsqlparser-4.0.jar;D:\Environment\apache-maven-3.8.1\maven-repo\org\mybatis\mybatis\3.5.7\mybatis-3.5.7.jar;D:\Environment\apache-maven-3.8.1\maven-repo\org\mybatis\mybatis-spring\2.0.6\mybatis-spring-2.0.6.jar;"/>
    <property name="sun.cpu.endian" value="little"/>
    <property name="user.home" value="C:\Users\lenovo"/>
    <property name="user.language" value="zh"/>
    <property name="java.specification.vendor" value="Oracle Corporation"/>
    <property name="java.home" value="D:\application3\JAVA\jre"/>
    <property name="basedir" value="D:\Code\java2\社团\Answer\answer-user-8081"/>
    <property name="file.separator" value="\"/>
    <property name="line.separator" value="&#10;"/>
    <property name="java.vm.specification.vendor" value="Oracle Corporation"/>
    <property name="java.specification.name" value="Java Platform API Specification"/>
    <property name="java.awt.graphicsenv" value="sun.awt.Win32GraphicsEnvironment"/>
    <property name="surefire.real.class.path" value="C:\Users\lenovo\AppData\Local\Temp\surefire3918285707806183818\surefirebooter2576942513640743588.jar"/>
    <property name="sun.boot.class.path" value="D:\application3\JAVA\jre\lib\resources.jar;D:\application3\JAVA\jre\lib\rt.jar;D:\application3\JAVA\jre\lib\sunrsasign.jar;D:\application3\JAVA\jre\lib\jsse.jar;D:\application3\JAVA\jre\lib\jce.jar;D:\application3\JAVA\jre\lib\charsets.jar;D:\application3\JAVA\jre\lib\jfr.jar;D:\application3\JAVA\jre\classes"/>
    <property name="user.script" value=""/>
    <property name="sun.management.compiler" value="HotSpot 64-Bit Tiered Compilers"/>
    <property name="java.runtime.version" value="1.8.0_271-b09"/>
    <property name="user.name" value="lenovo"/>
    <property name="path.separator" value=";"/>
    <property name="os.version" value="10.0"/>
    <property name="java.endorsed.dirs" value="D:\application3\JAVA\jre\lib\endorsed"/>
    <property name="java.runtime.name" value="Java(TM) SE Runtime Environment"/>
    <property name="file.encoding" value="GBK"/>
    <property name="java.vm.name" value="Java HotSpot(TM) 64-Bit Server VM"/>
    <property name="localRepository" value="D:\Environment\apache-maven-3.8.1\maven-repo"/>
    <property name="java.vendor.url.bug" value="http://bugreport.sun.com/bugreport/"/>
    <property name="java.io.tmpdir" value="C:\Users\lenovo\AppData\Local\Temp\"/>
    <property name="idea.version" value="2021.1.3"/>
    <property name="java.version" value="1.8.0_271"/>
    <property name="user.dir" value="D:\Code\java2\社团\Answer\answer-user-8081"/>
    <property name="os.arch" value="amd64"/>
    <property name="java.vm.specification.name" value="Java Virtual Machine Specification"/>
    <property name="java.awt.printerjob" value="sun.awt.windows.WPrinterJob"/>
    <property name="sun.os.patch.level" value=""/>
    <property name="java.library.path" value="D:\application3\JAVA\jre\bin;C:\WINDOWS\Sun\Java\bin;C:\WINDOWS\system32;C:\WINDOWS;C:\Program Files (x86)\VMware\VMware Workstation\bin\;C:\Program Files\AdoptOpenJDK\jdk-11.0.11.9-hotspot\bin;C:\Program Files\MySQL\MySQL Server 8.0\bin;C:\WINDOWSsystem32;C:\WINDOWS;C:\WINDOWSSystem32Wbem;C:\Windows\System32;C:\Program Files\Git\cmd;C:\WINDOWS\system32;C:\WINDOWS\System32\Wbem;C:\WINDOWS\System32\WindowsPowerShell\v1.0\;C:\WINDOWS\System32\OpenSSH\;C:\ProgramData\Anaconda3;D:\Environment\apache-maven-3.8.1\bin;C:\ProgramData\Anaconda3\Scripts;C:\ProgramData\Anaconda3\Library\lib;D:\软件2\编程软件\Dev-Cpp\MinGW64\bin;C:\Program Files (x86)\NetSarang\Xshell 7\;C:\Program Files (x86)\NetSarang\Xftp 7\;D:\Environment\nodejs\;C:\Program Files\dotnet\;C:\Program Files\Microsoft SQL Server\130\Tools\Binn\;C:\Program Files\Microsoft SQL Server\Client SDK\ODBC\170\Tools\Binn\;C:\Program Files (x86)\Microsoft SQL Server\100\Tools\Binn\;C:\Program Files\Microsoft SQL Server\100\Tools\Binn\;C:\Program Files\Microsoft SQL Server\100\DTS\Binn\;C:\Users\lenovo\AppData\Local\Microsoft\WindowsApps;C:\Users\lenovo\AppData\Local\Programs\Microsoft VS Code\bin;D:\软件\班迪压缩\;C:\Users\lenovo\AppData\Local\GitHubDesktop\bin;D:\application3\IDEA\IntelliJ IDEA Community Edition 2020.3.1\bin;;D:\application3\mingw64\bin;&quot;D:\application3\JAVA\bin;D:\application3\JAVA\jre\bin;&quot;;C:\Program Files\JetBrains\PyCharm Community Edition 2021.1.1\bin;C:\Program Files\JetBrains\IntelliJ IDEA 2021.1.3\bin;C:\Users\lenovo\AppData\Roaming\npm;C:\Program Files\Code\Fiddler;C:\Users\lenovo\AppData\Local\Microsoft\WindowsApps;C:\Users\lenovo\.dotnet\tools;."/>
    <property name="java.vm.info" value="mixed mode"/>
    <property name="java.vendor" value="Oracle Corporation"/>
    <property name="java.vm.version" value="25.271-b09"/>
    <property name="java.ext.dirs" value="D:\application3\JAVA\jre\lib\ext;C:\WINDOWS\Sun\Java\lib\ext"/>
    <property name="sun.io.unicode.encoding" value="UnicodeLittle"/>
    <property name="maven.repo.local" value="D:\Environment\apache-maven-3.8.1\maven-repo"/>
    <property name="java.class.version" value="52.0"/>
  </properties>
  <testcase name="jwt" classname="com.example.Test" time="0.711">
    <error message="Base64-encoded key bytes may only be specified for HMAC signatures.  If using RSA or Elliptic Curve, use the signWith(SignatureAlgorithm, Key) method instead." type="java.lang.IllegalArgumentException">java.lang.IllegalArgumentException: Base64-encoded key bytes may only be specified for HMAC signatures.  If using RSA or Elliptic Curve, use the signWith(SignatureAlgorithm, Key) method instead.
	at com.example.Test.jwt(Test.java:35)
</error>
  </testcase>
</testsuite>