<?xml version="1.0" encoding="UTF-8"?>
<testsuite xmlns:xsi="http://www.w3.org/2001/XMLSchema-instance" xsi:noNamespaceSchemaLocation="https://maven.apache.org/surefire/maven-surefire-plugin/xsd/surefire-test-report.xsd" name="TestRabbitMQ" time="3.19" tests="1" errors="1" skipped="0" failures="0">
  <properties>
    <property name="sun.desktop" value="windows"/>
    <property name="awt.toolkit" value="sun.awt.windows.WToolkit"/>
    <property name="file.encoding.pkg" value="sun.io"/>
    <property name="java.specification.version" value="1.8"/>
    <property name="sun.cpu.isalist" value="amd64"/>
    <property name="sun.jnu.encoding" value="GBK"/>
    <property name="java.class.path" value="F:\Code\java2\社团\Answer\9092-mq\target\test-classes;F:\Code\java2\社团\Answer\9092-mq\target\classes;D:\Environment\apache-maven-3.8.1\maven-repo\com\alibaba\cloud\spring-cloud-starter-alibaba-nacos-discovery\2.2.5.RELEASE\spring-cloud-starter-alibaba-nacos-discovery-2.2.5.RELEASE.jar;D:\Environment\apache-maven-3.8.1\maven-repo\com\alibaba\cloud\spring-cloud-alibaba-commons\2.2.5.RELEASE\spring-cloud-alibaba-commons-2.2.5.RELEASE.jar;D:\Environment\apache-maven-3.8.1\maven-repo\com\alibaba\nacos\nacos-client\1.4.1\nacos-client-1.4.1.jar;D:\Environment\apache-maven-3.8.1\maven-repo\com\alibaba\nacos\nacos-common\1.4.1\nacos-common-1.4.1.jar;D:\Environment\apache-maven-3.8.1\maven-repo\commons-io\commons-io\2.2\commons-io-2.2.jar;D:\Environment\apache-maven-3.8.1\maven-repo\org\apache\httpcomponents\httpasyncclient\4.1.4\httpasyncclient-4.1.4.jar;D:\Environment\apache-maven-3.8.1\maven-repo\org\apache\httpcomponents\httpcore\4.4.13\httpcore-4.4.13.jar;D:\Environment\apache-maven-3.8.1\maven-repo\org\apache\httpcomponents\httpcore-nio\4.4.13\httpcore-nio-4.4.13.jar;D:\Environment\apache-maven-3.8.1\maven-repo\com\alibaba\nacos\nacos-api\1.4.1\nacos-api-1.4.1.jar;D:\Environment\apache-maven-3.8.1\maven-repo\com\google\guava\guava\29.0-jre\guava-29.0-jre.jar;D:\Environment\apache-maven-3.8.1\maven-repo\com\google\guava\failureaccess\1.0.1\failureaccess-1.0.1.jar;D:\Environment\apache-maven-3.8.1\maven-repo\com\google\guava\listenablefuture\9999.0-empty-to-avoid-conflict-with-guava\listenablefuture-9999.0-empty-to-avoid-conflict-with-guava.jar;D:\Environment\apache-maven-3.8.1\maven-repo\com\google\code\findbugs\jsr305\3.0.2\jsr305-3.0.2.jar;D:\Environment\apache-maven-3.8.1\maven-repo\org\checkerframework\checker-qual\2.11.1\checker-qual-2.11.1.jar;D:\Environment\apache-maven-3.8.1\maven-repo\com\google\errorprone\error_prone_annotations\2.3.4\error_prone_annotations-2.3.4.jar;D:\Environment\apache-maven-3.8.1\maven-repo\com\google\j2objc\j2objc-annotations\1.3\j2objc-annotations-1.3.jar;D:\Environment\apache-maven-3.8.1\maven-repo\commons-codec\commons-codec\1.14\commons-codec-1.14.jar;D:\Environment\apache-maven-3.8.1\maven-repo\com\fasterxml\jackson\core\jackson-core\2.10.1\jackson-core-2.10.1.jar;D:\Environment\apache-maven-3.8.1\maven-repo\com\fasterxml\jackson\core\jackson-databind\2.10.1\jackson-databind-2.10.1.jar;D:\Environment\apache-maven-3.8.1\maven-repo\com\fasterxml\jackson\core\jackson-annotations\2.10.1\jackson-annotations-2.10.1.jar;D:\Environment\apache-maven-3.8.1\maven-repo\io\prometheus\simpleclient\0.5.0\simpleclient-0.5.0.jar;D:\Environment\apache-maven-3.8.1\maven-repo\com\alibaba\spring\spring-context-support\1.0.10\spring-context-support-1.0.10.jar;D:\Environment\apache-maven-3.8.1\maven-repo\org\springframework\cloud\spring-cloud-commons\2.2.5.RELEASE\spring-cloud-commons-2.2.5.RELEASE.jar;D:\Environment\apache-maven-3.8.1\maven-repo\org\springframework\security\spring-security-crypto\5.3.4.RELEASE\spring-security-crypto-5.3.4.RELEASE.jar;D:\Environment\apache-maven-3.8.1\maven-repo\org\springframework\cloud\spring-cloud-context\2.2.5.RELEASE\spring-cloud-context-2.2.5.RELEASE.jar;D:\Environment\apache-maven-3.8.1\maven-repo\org\springframework\cloud\spring-cloud-starter-netflix-ribbon\2.2.5.RELEASE\spring-cloud-starter-netflix-ribbon-2.2.5.RELEASE.jar;D:\Environment\apache-maven-3.8.1\maven-repo\org\springframework\cloud\spring-cloud-netflix-ribbon\2.2.5.RELEASE\spring-cloud-netflix-ribbon-2.2.5.RELEASE.jar;D:\Environment\apache-maven-3.8.1\maven-repo\org\springframework\cloud\spring-cloud-netflix-archaius\2.2.5.RELEASE\spring-cloud-netflix-archaius-2.2.5.RELEASE.jar;D:\Environment\apache-maven-3.8.1\maven-repo\org\springframework\cloud\spring-cloud-starter-netflix-archaius\2.2.5.RELEASE\spring-cloud-starter-netflix-archaius-2.2.5.RELEASE.jar;D:\Environment\apache-maven-3.8.1\maven-repo\commons-configuration\commons-configuration\1.8\commons-configuration-1.8.jar;D:\Environment\apache-maven-3.8.1\maven-repo\com\netflix\ribbon\ribbon\2.3.0\ribbon-2.3.0.jar;D:\Environment\apache-maven-3.8.1\maven-repo\com\netflix\ribbon\ribbon-transport\2.3.0\ribbon-transport-2.3.0.jar;D:\Environment\apache-maven-3.8.1\maven-repo\io\reactivex\rxnetty-contexts\0.4.9\rxnetty-contexts-0.4.9.jar;D:\Environment\apache-maven-3.8.1\maven-repo\io\reactivex\rxnetty-servo\0.4.9\rxnetty-servo-0.4.9.jar;D:\Environment\apache-maven-3.8.1\maven-repo\javax\inject\javax.inject\1\javax.inject-1.jar;D:\Environment\apache-maven-3.8.1\maven-repo\io\reactivex\rxnetty\0.4.9\rxnetty-0.4.9.jar;D:\Environment\apache-maven-3.8.1\maven-repo\com\netflix\ribbon\ribbon-core\2.3.0\ribbon-core-2.3.0.jar;D:\Environment\apache-maven-3.8.1\maven-repo\commons-lang\commons-lang\2.6\commons-lang-2.6.jar;D:\Environment\apache-maven-3.8.1\maven-repo\com\netflix\ribbon\ribbon-httpclient\2.3.0\ribbon-httpclient-2.3.0.jar;D:\Environment\apache-maven-3.8.1\maven-repo\commons-collections\commons-collections\3.2.2\commons-collections-3.2.2.jar;D:\Environment\apache-maven-3.8.1\maven-repo\org\apache\httpcomponents\httpclient\4.5.12\httpclient-4.5.12.jar;D:\Environment\apache-maven-3.8.1\maven-repo\com\sun\jersey\jersey-client\1.19.1\jersey-client-1.19.1.jar;D:\Environment\apache-maven-3.8.1\maven-repo\com\sun\jersey\jersey-core\1.19.1\jersey-core-1.19.1.jar;D:\Environment\apache-maven-3.8.1\maven-repo\javax\ws\rs\jsr311-api\1.1.1\jsr311-api-1.1.1.jar;D:\Environment\apache-maven-3.8.1\maven-repo\com\sun\jersey\contribs\jersey-apache-client4\1.19.1\jersey-apache-client4-1.19.1.jar;D:\Environment\apache-maven-3.8.1\maven-repo\com\netflix\servo\servo-core\0.12.21\servo-core-0.12.21.jar;D:\Environment\apache-maven-3.8.1\maven-repo\com\netflix\netflix-commons\netflix-commons-util\0.3.0\netflix-commons-util-0.3.0.jar;D:\Environment\apache-maven-3.8.1\maven-repo\com\netflix\ribbon\ribbon-loadbalancer\2.3.0\ribbon-loadbalancer-2.3.0.jar;D:\Environment\apache-maven-3.8.1\maven-repo\com\netflix\netflix-commons\netflix-statistics\0.1.1\netflix-statistics-0.1.1.jar;D:\Environment\apache-maven-3.8.1\maven-repo\io\reactivex\rxjava\1.3.8\rxjava-1.3.8.jar;D:\Environment\apache-maven-3.8.1\maven-repo\org\springframework\cloud\spring-cloud-starter-openfeign\2.2.5.RELEASE\spring-cloud-starter-openfeign-2.2.5.RELEASE.jar;D:\Environment\apache-maven-3.8.1\maven-repo\org\springframework\cloud\spring-cloud-starter\2.2.5.RELEASE\spring-cloud-starter-2.2.5.RELEASE.jar;D:\Environment\apache-maven-3.8.1\maven-repo\org\springframework\security\spring-security-rsa\1.0.9.RELEASE\spring-security-rsa-1.0.9.RELEASE.jar;D:\Environment\apache-maven-3.8.1\maven-repo\org\bouncycastle\bcpkix-jdk15on\1.64\bcpkix-jdk15on-1.64.jar;D:\Environment\apache-maven-3.8.1\maven-repo\org\bouncycastle\bcprov-jdk15on\1.64\bcprov-jdk15on-1.64.jar;D:\Environment\apache-maven-3.8.1\maven-repo\org\springframework\cloud\spring-cloud-openfeign-core\2.2.5.RELEASE\spring-cloud-openfeign-core-2.2.5.RELEASE.jar;D:\Environment\apache-maven-3.8.1\maven-repo\org\springframework\boot\spring-boot-starter-aop\2.3.0.RELEASE\spring-boot-starter-aop-2.3.0.RELEASE.jar;D:\Environment\apache-maven-3.8.1\maven-repo\org\aspectj\aspectjweaver\1.9.5\aspectjweaver-1.9.5.jar;D:\Environment\apache-maven-3.8.1\maven-repo\io\github\openfeign\form\feign-form-spring\3.8.0\feign-form-spring-3.8.0.jar;D:\Environment\apache-maven-3.8.1\maven-repo\io\github\openfeign\form\feign-form\3.8.0\feign-form-3.8.0.jar;D:\Environment\apache-maven-3.8.1\maven-repo\commons-fileupload\commons-fileupload\1.4\commons-fileupload-1.4.jar;D:\Environment\apache-maven-3.8.1\maven-repo\org\springframework\spring-web\5.2.8.RELEASE\spring-web-5.2.8.RELEASE.jar;D:\Environment\apache-maven-3.8.1\maven-repo\org\springframework\spring-beans\5.2.8.RELEASE\spring-beans-5.2.8.RELEASE.jar;D:\Environment\apache-maven-3.8.1\maven-repo\io\github\openfeign\feign-core\10.10.1\feign-core-10.10.1.jar;D:\Environment\apache-maven-3.8.1\maven-repo\io\github\openfeign\feign-slf4j\10.10.1\feign-slf4j-10.10.1.jar;D:\Environment\apache-maven-3.8.1\maven-repo\org\slf4j\slf4j-api\1.7.30\slf4j-api-1.7.30.jar;D:\Environment\apache-maven-3.8.1\maven-repo\io\github\openfeign\feign-hystrix\10.10.1\feign-hystrix-10.10.1.jar;D:\Environment\apache-maven-3.8.1\maven-repo\com\netflix\archaius\archaius-core\0.7.6\archaius-core-0.7.6.jar;D:\Environment\apache-maven-3.8.1\maven-repo\com\netflix\hystrix\hystrix-core\1.5.18\hystrix-core-1.5.18.jar;D:\Environment\apache-maven-3.8.1\maven-repo\org\hdrhistogram\HdrHistogram\2.1.9\HdrHistogram-2.1.9.jar;D:\Environment\apache-maven-3.8.1\maven-repo\org\springframework\boot\spring-boot-starter\2.3.0.RELEASE\spring-boot-starter-2.3.0.RELEASE.jar;D:\Environment\apache-maven-3.8.1\maven-repo\org\springframework\boot\spring-boot\2.3.0.RELEASE\spring-boot-2.3.0.RELEASE.jar;D:\Environment\apache-maven-3.8.1\maven-repo\org\springframework\spring-context\5.2.8.RELEASE\spring-context-5.2.8.RELEASE.jar;D:\Environment\apache-maven-3.8.1\maven-repo\org\springframework\boot\spring-boot-autoconfigure\2.3.0.RELEASE\spring-boot-autoconfigure-2.3.0.RELEASE.jar;D:\Environment\apache-maven-3.8.1\maven-repo\org\springframework\boot\spring-boot-starter-logging\2.3.0.RELEASE\spring-boot-starter-logging-2.3.0.RELEASE.jar;D:\Environment\apache-maven-3.8.1\maven-repo\ch\qos\logback\logback-classic\1.2.5\logback-classic-1.2.5.jar;D:\Environment\apache-maven-3.8.1\maven-repo\ch\qos\logback\logback-core\1.2.5\logback-core-1.2.5.jar;D:\Environment\apache-maven-3.8.1\maven-repo\org\apache\logging\log4j\log4j-to-slf4j\2.13.2\log4j-to-slf4j-2.13.2.jar;D:\Environment\apache-maven-3.8.1\maven-repo\org\apache\logging\log4j\log4j-api\2.13.3\log4j-api-2.13.3.jar;D:\Environment\apache-maven-3.8.1\maven-repo\org\slf4j\jul-to-slf4j\1.7.30\jul-to-slf4j-1.7.30.jar;D:\Environment\apache-maven-3.8.1\maven-repo\jakarta\annotation\jakarta.annotation-api\1.3.5\jakarta.annotation-api-1.3.5.jar;D:\Environment\apache-maven-3.8.1\maven-repo\org\springframework\spring-core\5.2.8.RELEASE\spring-core-5.2.8.RELEASE.jar;D:\Environment\apache-maven-3.8.1\maven-repo\org\springframework\spring-jcl\5.2.8.RELEASE\spring-jcl-5.2.8.RELEASE.jar;D:\Environment\apache-maven-3.8.1\maven-repo\org\yaml\snakeyaml\1.26\snakeyaml-1.26.jar;D:\Environment\apache-maven-3.8.1\maven-repo\org\springframework\boot\spring-boot-starter-web\2.3.0.RELEASE\spring-boot-starter-web-2.3.0.RELEASE.jar;D:\Environment\apache-maven-3.8.1\maven-repo\org\springframework\boot\spring-boot-starter-json\2.3.0.RELEASE\spring-boot-starter-json-2.3.0.RELEASE.jar;D:\Environment\apache-maven-3.8.1\maven-repo\com\fasterxml\jackson\datatype\jackson-datatype-jdk8\2.11.2\jackson-datatype-jdk8-2.11.2.jar;D:\Environment\apache-maven-3.8.1\maven-repo\com\fasterxml\jackson\datatype\jackson-datatype-jsr310\2.11.2\jackson-datatype-jsr310-2.11.2.jar;D:\Environment\apache-maven-3.8.1\maven-repo\com\fasterxml\jackson\module\jackson-module-parameter-names\2.11.2\jackson-module-parameter-names-2.11.2.jar;D:\Environment\apache-maven-3.8.1\maven-repo\org\springframework\boot\spring-boot-starter-tomcat\2.3.0.RELEASE\spring-boot-starter-tomcat-2.3.0.RELEASE.jar;D:\Environment\apache-maven-3.8.1\maven-repo\org\apache\tomcat\embed\tomcat-embed-core\9.0.35\tomcat-embed-core-9.0.35.jar;D:\Environment\apache-maven-3.8.1\maven-repo\org\glassfish\jakarta.el\3.0.3\jakarta.el-3.0.3.jar;D:\Environment\apache-maven-3.8.1\maven-repo\org\apache\tomcat\embed\tomcat-embed-websocket\9.0.35\tomcat-embed-websocket-9.0.35.jar;D:\Environment\apache-maven-3.8.1\maven-repo\org\springframework\spring-webmvc\5.2.8.RELEASE\spring-webmvc-5.2.8.RELEASE.jar;D:\Environment\apache-maven-3.8.1\maven-repo\org\springframework\spring-aop\5.2.8.RELEASE\spring-aop-5.2.8.RELEASE.jar;D:\Environment\apache-maven-3.8.1\maven-repo\org\springframework\spring-expression\5.2.8.RELEASE\spring-expression-5.2.8.RELEASE.jar;D:\Environment\apache-maven-3.8.1\maven-repo\org\springframework\boot\spring-boot-starter-test\2.3.0.RELEASE\spring-boot-starter-test-2.3.0.RELEASE.jar;D:\Environment\apache-maven-3.8.1\maven-repo\org\springframework\boot\spring-boot-test\2.3.0.RELEASE\spring-boot-test-2.3.0.RELEASE.jar;D:\Environment\apache-maven-3.8.1\maven-repo\org\springframework\boot\spring-boot-test-autoconfigure\2.3.0.RELEASE\spring-boot-test-autoconfigure-2.3.0.RELEASE.jar;D:\Environment\apache-maven-3.8.1\maven-repo\com\jayway\jsonpath\json-path\2.4.0\json-path-2.4.0.jar;D:\Environment\apache-maven-3.8.1\maven-repo\net\minidev\json-smart\2.3\json-smart-2.3.jar;D:\Environment\apache-maven-3.8.1\maven-repo\net\minidev\accessors-smart\1.2\accessors-smart-1.2.jar;D:\Environment\apache-maven-3.8.1\maven-repo\org\ow2\asm\asm\5.0.4\asm-5.0.4.jar;D:\Environment\apache-maven-3.8.1\maven-repo\jakarta\xml\bind\jakarta.xml.bind-api\2.3.3\jakarta.xml.bind-api-2.3.3.jar;D:\Environment\apache-maven-3.8.1\maven-repo\jakarta\activation\jakarta.activation-api\1.2.2\jakarta.activation-api-1.2.2.jar;D:\Environment\apache-maven-3.8.1\maven-repo\org\assertj\assertj-core\3.16.1\assertj-core-3.16.1.jar;D:\Environment\apache-maven-3.8.1\maven-repo\org\hamcrest\hamcrest\2.2\hamcrest-2.2.jar;D:\Environment\apache-maven-3.8.1\maven-repo\org\junit\jupiter\junit-jupiter\5.6.2\junit-jupiter-5.6.2.jar;D:\Environment\apache-maven-3.8.1\maven-repo\org\junit\jupiter\junit-jupiter-api\5.6.2\junit-jupiter-api-5.6.2.jar;D:\Environment\apache-maven-3.8.1\maven-repo\org\opentest4j\opentest4j\1.2.0\opentest4j-1.2.0.jar;D:\Environment\apache-maven-3.8.1\maven-repo\org\junit\platform\junit-platform-commons\1.6.2\junit-platform-commons-1.6.2.jar;D:\Environment\apache-maven-3.8.1\maven-repo\org\junit\jupiter\junit-jupiter-params\5.6.2\junit-jupiter-params-5.6.2.jar;D:\Environment\apache-maven-3.8.1\maven-repo\org\junit\jupiter\junit-jupiter-engine\5.6.2\junit-jupiter-engine-5.6.2.jar;D:\Environment\apache-maven-3.8.1\maven-repo\org\junit\vintage\junit-vintage-engine\5.6.2\junit-vintage-engine-5.6.2.jar;D:\Environment\apache-maven-3.8.1\maven-repo\org\apiguardian\apiguardian-api\1.1.0\apiguardian-api-1.1.0.jar;D:\Environment\apache-maven-3.8.1\maven-repo\org\junit\platform\junit-platform-engine\1.6.2\junit-platform-engine-1.6.2.jar;D:\Environment\apache-maven-3.8.1\maven-repo\junit\junit\4.13\junit-4.13.jar;D:\Environment\apache-maven-3.8.1\maven-repo\org\mockito\mockito-core\3.3.3\mockito-core-3.3.3.jar;D:\Environment\apache-maven-3.8.1\maven-repo\net\bytebuddy\byte-buddy\1.10.10\byte-buddy-1.10.10.jar;D:\Environment\apache-maven-3.8.1\maven-repo\net\bytebuddy\byte-buddy-agent\1.10.10\byte-buddy-agent-1.10.10.jar;D:\Environment\apache-maven-3.8.1\maven-repo\org\objenesis\objenesis\2.6\objenesis-2.6.jar;D:\Environment\apache-maven-3.8.1\maven-repo\org\mockito\mockito-junit-jupiter\3.3.3\mockito-junit-jupiter-3.3.3.jar;D:\Environment\apache-maven-3.8.1\maven-repo\org\skyscreamer\jsonassert\1.5.0\jsonassert-1.5.0.jar;D:\Environment\apache-maven-3.8.1\maven-repo\com\vaadin\external\google\android-json\0.0.20131108.vaadin1\android-json-0.0.20131108.vaadin1.jar;D:\Environment\apache-maven-3.8.1\maven-repo\org\springframework\spring-test\5.2.8.RELEASE\spring-test-5.2.8.RELEASE.jar;D:\Environment\apache-maven-3.8.1\maven-repo\org\xmlunit\xmlunit-core\2.7.0\xmlunit-core-2.7.0.jar;D:\Environment\apache-maven-3.8.1\maven-repo\com\alibaba\fastjson\1.2.57\fastjson-1.2.57.jar;D:\Environment\apache-maven-3.8.1\maven-repo\net\sf\trove4j\core\3.1.0\core-3.1.0.jar;D:\Environment\apache-maven-3.8.1\maven-repo\org\springframework\boot\spring-boot-starter-amqp\2.3.0.RELEASE\spring-boot-starter-amqp-2.3.0.RELEASE.jar;D:\Environment\apache-maven-3.8.1\maven-repo\org\springframework\spring-messaging\5.2.8.RELEASE\spring-messaging-5.2.8.RELEASE.jar;D:\Environment\apache-maven-3.8.1\maven-repo\org\springframework\amqp\spring-rabbit\2.2.6.RELEASE\spring-rabbit-2.2.6.RELEASE.jar;D:\Environment\apache-maven-3.8.1\maven-repo\com\rabbitmq\amqp-client\5.9.0\amqp-client-5.9.0.jar;D:\Environment\apache-maven-3.8.1\maven-repo\org\springframework\amqp\spring-amqp\2.2.6.RELEASE\spring-amqp-2.2.6.RELEASE.jar;D:\Environment\apache-maven-3.8.1\maven-repo\org\springframework\retry\spring-retry\1.2.5.RELEASE\spring-retry-1.2.5.RELEASE.jar;D:\Environment\apache-maven-3.8.1\maven-repo\org\springframework\spring-tx\5.2.8.RELEASE\spring-tx-5.2.8.RELEASE.jar;D:\Environment\apache-maven-3.8.1\maven-repo\org\tinylog\tinylog-impl\2.4.1\tinylog-impl-2.4.1.jar;D:\Environment\apache-maven-3.8.1\maven-repo\org\tinylog\tinylog-api\2.4.1\tinylog-api-2.4.1.jar;D:\Environment\apache-maven-3.8.1\maven-repo\org\codehaus\mojo\animal-sniffer-annotations\1.18\animal-sniffer-annotations-1.18.jar;D:\Environment\apache-maven-3.8.1\maven-repo\org\projectlombok\lombok\1.18.20\lombok-1.18.20.jar;"/>
    <property name="java.vm.vendor" value="Oracle Corporation"/>
    <property name="sun.arch.data.model" value="64"/>
    <property name="user.variant" value=""/>
    <property name="java.vendor.url" value="http://java.oracle.com/"/>
    <property name="user.timezone" value="Asia/Shanghai"/>
    <property name="java.vm.specification.version" value="1.8"/>
    <property name="os.name" value="Windows 10"/>
    <property name="user.country" value="CN"/>
    <property name="sun.java.launcher" value="SUN_STANDARD"/>
    <property name="sun.boot.library.path" value="C:\Program Files\Java\jdk1.8.0_152\jre\bin"/>
    <property name="sun.java.command" value="C:\Users\zhang\AppData\Local\Temp\surefire4022339363401193269\surefirebooter5159262452980009107.jar C:\Users\zhang\AppData\Local\Temp\surefire4022339363401193269 2022-02-07T16-34-32_728-jvmRun1 surefire8015597925551396967tmp surefire_02589054371779093472tmp"/>
    <property name="surefire.test.class.path" value="F:\Code\java2\社团\Answer\9092-mq\target\test-classes;F:\Code\java2\社团\Answer\9092-mq\target\classes;D:\Environment\apache-maven-3.8.1\maven-repo\com\alibaba\cloud\spring-cloud-starter-alibaba-nacos-discovery\2.2.5.RELEASE\spring-cloud-starter-alibaba-nacos-discovery-2.2.5.RELEASE.jar;D:\Environment\apache-maven-3.8.1\maven-repo\com\alibaba\cloud\spring-cloud-alibaba-commons\2.2.5.RELEASE\spring-cloud-alibaba-commons-2.2.5.RELEASE.jar;D:\Environment\apache-maven-3.8.1\maven-repo\com\alibaba\nacos\nacos-client\1.4.1\nacos-client-1.4.1.jar;D:\Environment\apache-maven-3.8.1\maven-repo\com\alibaba\nacos\nacos-common\1.4.1\nacos-common-1.4.1.jar;D:\Environment\apache-maven-3.8.1\maven-repo\commons-io\commons-io\2.2\commons-io-2.2.jar;D:\Environment\apache-maven-3.8.1\maven-repo\org\apache\httpcomponents\httpasyncclient\4.1.4\httpasyncclient-4.1.4.jar;D:\Environment\apache-maven-3.8.1\maven-repo\org\apache\httpcomponents\httpcore\4.4.13\httpcore-4.4.13.jar;D:\Environment\apache-maven-3.8.1\maven-repo\org\apache\httpcomponents\httpcore-nio\4.4.13\httpcore-nio-4.4.13.jar;D:\Environment\apache-maven-3.8.1\maven-repo\com\alibaba\nacos\nacos-api\1.4.1\nacos-api-1.4.1.jar;D:\Environment\apache-maven-3.8.1\maven-repo\com\google\guava\guava\29.0-jre\guava-29.0-jre.jar;D:\Environment\apache-maven-3.8.1\maven-repo\com\google\guava\failureaccess\1.0.1\failureaccess-1.0.1.jar;D:\Environment\apache-maven-3.8.1\maven-repo\com\google\guava\listenablefuture\9999.0-empty-to-avoid-conflict-with-guava\listenablefuture-9999.0-empty-to-avoid-conflict-with-guava.jar;D:\Environment\apache-maven-3.8.1\maven-repo\com\google\code\findbugs\jsr305\3.0.2\jsr305-3.0.2.jar;D:\Environment\apache-maven-3.8.1\maven-repo\org\checkerframework\checker-qual\2.11.1\checker-qual-2.11.1.jar;D:\Environment\apache-maven-3.8.1\maven-repo\com\google\errorprone\error_prone_annotations\2.3.4\error_prone_annotations-2.3.4.jar;D:\Environment\apache-maven-3.8.1\maven-repo\com\google\j2objc\j2objc-annotations\1.3\j2objc-annotations-1.3.jar;D:\Environment\apache-maven-3.8.1\maven-repo\commons-codec\commons-codec\1.14\commons-codec-1.14.jar;D:\Environment\apache-maven-3.8.1\maven-repo\com\fasterxml\jackson\core\jackson-core\2.10.1\jackson-core-2.10.1.jar;D:\Environment\apache-maven-3.8.1\maven-repo\com\fasterxml\jackson\core\jackson-databind\2.10.1\jackson-databind-2.10.1.jar;D:\Environment\apache-maven-3.8.1\maven-repo\com\fasterxml\jackson\core\jackson-annotations\2.10.1\jackson-annotations-2.10.1.jar;D:\Environment\apache-maven-3.8.1\maven-repo\io\prometheus\simpleclient\0.5.0\simpleclient-0.5.0.jar;D:\Environment\apache-maven-3.8.1\maven-repo\com\alibaba\spring\spring-context-support\1.0.10\spring-context-support-1.0.10.jar;D:\Environment\apache-maven-3.8.1\maven-repo\org\springframework\cloud\spring-cloud-commons\2.2.5.RELEASE\spring-cloud-commons-2.2.5.RELEASE.jar;D:\Environment\apache-maven-3.8.1\maven-repo\org\springframework\security\spring-security-crypto\5.3.4.RELEASE\spring-security-crypto-5.3.4.RELEASE.jar;D:\Environment\apache-maven-3.8.1\maven-repo\org\springframework\cloud\spring-cloud-context\2.2.5.RELEASE\spring-cloud-context-2.2.5.RELEASE.jar;D:\Environment\apache-maven-3.8.1\maven-repo\org\springframework\cloud\spring-cloud-starter-netflix-ribbon\2.2.5.RELEASE\spring-cloud-starter-netflix-ribbon-2.2.5.RELEASE.jar;D:\Environment\apache-maven-3.8.1\maven-repo\org\springframework\cloud\spring-cloud-netflix-ribbon\2.2.5.RELEASE\spring-cloud-netflix-ribbon-2.2.5.RELEASE.jar;D:\Environment\apache-maven-3.8.1\maven-repo\org\springframework\cloud\spring-cloud-netflix-archaius\2.2.5.RELEASE\spring-cloud-netflix-archaius-2.2.5.RELEASE.jar;D:\Environment\apache-maven-3.8.1\maven-repo\org\springframework\cloud\spring-cloud-starter-netflix-archaius\2.2.5.RELEASE\spring-cloud-starter-netflix-archaius-2.2.5.RELEASE.jar;D:\Environment\apache-maven-3.8.1\maven-repo\commons-configuration\commons-configuration\1.8\commons-configuration-1.8.jar;D:\Environment\apache-maven-3.8.1\maven-repo\com\netflix\ribbon\ribbon\2.3.0\ribbon-2.3.0.jar;D:\Environment\apache-maven-3.8.1\maven-repo\com\netflix\ribbon\ribbon-transport\2.3.0\ribbon-transport-2.3.0.jar;D:\Environment\apache-maven-3.8.1\maven-repo\io\reactivex\rxnetty-contexts\0.4.9\rxnetty-contexts-0.4.9.jar;D:\Environment\apache-maven-3.8.1\maven-repo\io\reactivex\rxnetty-servo\0.4.9\rxnetty-servo-0.4.9.jar;D:\Environment\apache-maven-3.8.1\maven-repo\javax\inject\javax.inject\1\javax.inject-1.jar;D:\Environment\apache-maven-3.8.1\maven-repo\io\reactivex\rxnetty\0.4.9\rxnetty-0.4.9.jar;D:\Environment\apache-maven-3.8.1\maven-repo\com\netflix\ribbon\ribbon-core\2.3.0\ribbon-core-2.3.0.jar;D:\Environment\apache-maven-3.8.1\maven-repo\commons-lang\commons-lang\2.6\commons-lang-2.6.jar;D:\Environment\apache-maven-3.8.1\maven-repo\com\netflix\ribbon\ribbon-httpclient\2.3.0\ribbon-httpclient-2.3.0.jar;D:\Environment\apache-maven-3.8.1\maven-repo\commons-collections\commons-collections\3.2.2\commons-collections-3.2.2.jar;D:\Environment\apache-maven-3.8.1\maven-repo\org\apache\httpcomponents\httpclient\4.5.12\httpclient-4.5.12.jar;D:\Environment\apache-maven-3.8.1\maven-repo\com\sun\jersey\jersey-client\1.19.1\jersey-client-1.19.1.jar;D:\Environment\apache-maven-3.8.1\maven-repo\com\sun\jersey\jersey-core\1.19.1\jersey-core-1.19.1.jar;D:\Environment\apache-maven-3.8.1\maven-repo\javax\ws\rs\jsr311-api\1.1.1\jsr311-api-1.1.1.jar;D:\Environment\apache-maven-3.8.1\maven-repo\com\sun\jersey\contribs\jersey-apache-client4\1.19.1\jersey-apache-client4-1.19.1.jar;D:\Environment\apache-maven-3.8.1\maven-repo\com\netflix\servo\servo-core\0.12.21\servo-core-0.12.21.jar;D:\Environment\apache-maven-3.8.1\maven-repo\com\netflix\netflix-commons\netflix-commons-util\0.3.0\netflix-commons-util-0.3.0.jar;D:\Environment\apache-maven-3.8.1\maven-repo\com\netflix\ribbon\ribbon-loadbalancer\2.3.0\ribbon-loadbalancer-2.3.0.jar;D:\Environment\apache-maven-3.8.1\maven-repo\com\netflix\netflix-commons\netflix-statistics\0.1.1\netflix-statistics-0.1.1.jar;D:\Environment\apache-maven-3.8.1\maven-repo\io\reactivex\rxjava\1.3.8\rxjava-1.3.8.jar;D:\Environment\apache-maven-3.8.1\maven-repo\org\springframework\cloud\spring-cloud-starter-openfeign\2.2.5.RELEASE\spring-cloud-starter-openfeign-2.2.5.RELEASE.jar;D:\Environment\apache-maven-3.8.1\maven-repo\org\springframework\cloud\spring-cloud-starter\2.2.5.RELEASE\spring-cloud-starter-2.2.5.RELEASE.jar;D:\Environment\apache-maven-3.8.1\maven-repo\org\springframework\security\spring-security-rsa\1.0.9.RELEASE\spring-security-rsa-1.0.9.RELEASE.jar;D:\Environment\apache-maven-3.8.1\maven-repo\org\bouncycastle\bcpkix-jdk15on\1.64\bcpkix-jdk15on-1.64.jar;D:\Environment\apache-maven-3.8.1\maven-repo\org\bouncycastle\bcprov-jdk15on\1.64\bcprov-jdk15on-1.64.jar;D:\Environment\apache-maven-3.8.1\maven-repo\org\springframework\cloud\spring-cloud-openfeign-core\2.2.5.RELEASE\spring-cloud-openfeign-core-2.2.5.RELEASE.jar;D:\Environment\apache-maven-3.8.1\maven-repo\org\springframework\boot\spring-boot-starter-aop\2.3.0.RELEASE\spring-boot-starter-aop-2.3.0.RELEASE.jar;D:\Environment\apache-maven-3.8.1\maven-repo\org\aspectj\aspectjweaver\1.9.5\aspectjweaver-1.9.5.jar;D:\Environment\apache-maven-3.8.1\maven-repo\io\github\openfeign\form\feign-form-spring\3.8.0\feign-form-spring-3.8.0.jar;D:\Environment\apache-maven-3.8.1\maven-repo\io\github\openfeign\form\feign-form\3.8.0\feign-form-3.8.0.jar;D:\Environment\apache-maven-3.8.1\maven-repo\commons-fileupload\commons-fileupload\1.4\commons-fileupload-1.4.jar;D:\Environment\apache-maven-3.8.1\maven-repo\org\springframework\spring-web\5.2.8.RELEASE\spring-web-5.2.8.RELEASE.jar;D:\Environment\apache-maven-3.8.1\maven-repo\org\springframework\spring-beans\5.2.8.RELEASE\spring-beans-5.2.8.RELEASE.jar;D:\Environment\apache-maven-3.8.1\maven-repo\io\github\openfeign\feign-core\10.10.1\feign-core-10.10.1.jar;D:\Environment\apache-maven-3.8.1\maven-repo\io\github\openfeign\feign-slf4j\10.10.1\feign-slf4j-10.10.1.jar;D:\Environment\apache-maven-3.8.1\maven-repo\org\slf4j\slf4j-api\1.7.30\slf4j-api-1.7.30.jar;D:\Environment\apache-maven-3.8.1\maven-repo\io\github\openfeign\feign-hystrix\10.10.1\feign-hystrix-10.10.1.jar;D:\Environment\apache-maven-3.8.1\maven-repo\com\netflix\archaius\archaius-core\0.7.6\archaius-core-0.7.6.jar;D:\Environment\apache-maven-3.8.1\maven-repo\com\netflix\hystrix\hystrix-core\1.5.18\hystrix-core-1.5.18.jar;D:\Environment\apache-maven-3.8.1\maven-repo\org\hdrhistogram\HdrHistogram\2.1.9\HdrHistogram-2.1.9.jar;D:\Environment\apache-maven-3.8.1\maven-repo\org\springframework\boot\spring-boot-starter\2.3.0.RELEASE\spring-boot-starter-2.3.0.RELEASE.jar;D:\Environment\apache-maven-3.8.1\maven-repo\org\springframework\boot\spring-boot\2.3.0.RELEASE\spring-boot-2.3.0.RELEASE.jar;D:\Environment\apache-maven-3.8.1\maven-repo\org\springframework\spring-context\5.2.8.RELEASE\spring-context-5.2.8.RELEASE.jar;D:\Environment\apache-maven-3.8.1\maven-repo\org\springframework\boot\spring-boot-autoconfigure\2.3.0.RELEASE\spring-boot-autoconfigure-2.3.0.RELEASE.jar;D:\Environment\apache-maven-3.8.1\maven-repo\org\springframework\boot\spring-boot-starter-logging\2.3.0.RELEASE\spring-boot-starter-logging-2.3.0.RELEASE.jar;D:\Environment\apache-maven-3.8.1\maven-repo\ch\qos\logback\logback-classic\1.2.5\logback-classic-1.2.5.jar;D:\Environment\apache-maven-3.8.1\maven-repo\ch\qos\logback\logback-core\1.2.5\logback-core-1.2.5.jar;D:\Environment\apache-maven-3.8.1\maven-repo\org\apache\logging\log4j\log4j-to-slf4j\2.13.2\log4j-to-slf4j-2.13.2.jar;D:\Environment\apache-maven-3.8.1\maven-repo\org\apache\logging\log4j\log4j-api\2.13.3\log4j-api-2.13.3.jar;D:\Environment\apache-maven-3.8.1\maven-repo\org\slf4j\jul-to-slf4j\1.7.30\jul-to-slf4j-1.7.30.jar;D:\Environment\apache-maven-3.8.1\maven-repo\jakarta\annotation\jakarta.annotation-api\1.3.5\jakarta.annotation-api-1.3.5.jar;D:\Environment\apache-maven-3.8.1\maven-repo\org\springframework\spring-core\5.2.8.RELEASE\spring-core-5.2.8.RELEASE.jar;D:\Environment\apache-maven-3.8.1\maven-repo\org\springframework\spring-jcl\5.2.8.RELEASE\spring-jcl-5.2.8.RELEASE.jar;D:\Environment\apache-maven-3.8.1\maven-repo\org\yaml\snakeyaml\1.26\snakeyaml-1.26.jar;D:\Environment\apache-maven-3.8.1\maven-repo\org\springframework\boot\spring-boot-starter-web\2.3.0.RELEASE\spring-boot-starter-web-2.3.0.RELEASE.jar;D:\Environment\apache-maven-3.8.1\maven-repo\org\springframework\boot\spring-boot-starter-json\2.3.0.RELEASE\spring-boot-starter-json-2.3.0.RELEASE.jar;D:\Environment\apache-maven-3.8.1\maven-repo\com\fasterxml\jackson\datatype\jackson-datatype-jdk8\2.11.2\jackson-datatype-jdk8-2.11.2.jar;D:\Environment\apache-maven-3.8.1\maven-repo\com\fasterxml\jackson\datatype\jackson-datatype-jsr310\2.11.2\jackson-datatype-jsr310-2.11.2.jar;D:\Environment\apache-maven-3.8.1\maven-repo\com\fasterxml\jackson\module\jackson-module-parameter-names\2.11.2\jackson-module-parameter-names-2.11.2.jar;D:\Environment\apache-maven-3.8.1\maven-repo\org\springframework\boot\spring-boot-starter-tomcat\2.3.0.RELEASE\spring-boot-starter-tomcat-2.3.0.RELEASE.jar;D:\Environment\apache-maven-3.8.1\maven-repo\org\apache\tomcat\embed\tomcat-embed-core\9.0.35\tomcat-embed-core-9.0.35.jar;D:\Environment\apache-maven-3.8.1\maven-repo\org\glassfish\jakarta.el\3.0.3\jakarta.el-3.0.3.jar;D:\Environment\apache-maven-3.8.1\maven-repo\org\apache\tomcat\embed\tomcat-embed-websocket\9.0.35\tomcat-embed-websocket-9.0.35.jar;D:\Environment\apache-maven-3.8.1\maven-repo\org\springframework\spring-webmvc\5.2.8.RELEASE\spring-webmvc-5.2.8.RELEASE.jar;D:\Environment\apache-maven-3.8.1\maven-repo\org\springframework\spring-aop\5.2.8.RELEASE\spring-aop-5.2.8.RELEASE.jar;D:\Environment\apache-maven-3.8.1\maven-repo\org\springframework\spring-expression\5.2.8.RELEASE\spring-expression-5.2.8.RELEASE.jar;D:\Environment\apache-maven-3.8.1\maven-repo\org\springframework\boot\spring-boot-starter-test\2.3.0.RELEASE\spring-boot-starter-test-2.3.0.RELEASE.jar;D:\Environment\apache-maven-3.8.1\maven-repo\org\springframework\boot\spring-boot-test\2.3.0.RELEASE\spring-boot-test-2.3.0.RELEASE.jar;D:\Environment\apache-maven-3.8.1\maven-repo\org\springframework\boot\spring-boot-test-autoconfigure\2.3.0.RELEASE\spring-boot-test-autoconfigure-2.3.0.RELEASE.jar;D:\Environment\apache-maven-3.8.1\maven-repo\com\jayway\jsonpath\json-path\2.4.0\json-path-2.4.0.jar;D:\Environment\apache-maven-3.8.1\maven-repo\net\minidev\json-smart\2.3\json-smart-2.3.jar;D:\Environment\apache-maven-3.8.1\maven-repo\net\minidev\accessors-smart\1.2\accessors-smart-1.2.jar;D:\Environment\apache-maven-3.8.1\maven-repo\org\ow2\asm\asm\5.0.4\asm-5.0.4.jar;D:\Environment\apache-maven-3.8.1\maven-repo\jakarta\xml\bind\jakarta.xml.bind-api\2.3.3\jakarta.xml.bind-api-2.3.3.jar;D:\Environment\apache-maven-3.8.1\maven-repo\jakarta\activation\jakarta.activation-api\1.2.2\jakarta.activation-api-1.2.2.jar;D:\Environment\apache-maven-3.8.1\maven-repo\org\assertj\assertj-core\3.16.1\assertj-core-3.16.1.jar;D:\Environment\apache-maven-3.8.1\maven-repo\org\hamcrest\hamcrest\2.2\hamcrest-2.2.jar;D:\Environment\apache-maven-3.8.1\maven-repo\org\junit\jupiter\junit-jupiter\5.6.2\junit-jupiter-5.6.2.jar;D:\Environment\apache-maven-3.8.1\maven-repo\org\junit\jupiter\junit-jupiter-api\5.6.2\junit-jupiter-api-5.6.2.jar;D:\Environment\apache-maven-3.8.1\maven-repo\org\opentest4j\opentest4j\1.2.0\opentest4j-1.2.0.jar;D:\Environment\apache-maven-3.8.1\maven-repo\org\junit\platform\junit-platform-commons\1.6.2\junit-platform-commons-1.6.2.jar;D:\Environment\apache-maven-3.8.1\maven-repo\org\junit\jupiter\junit-jupiter-params\5.6.2\junit-jupiter-params-5.6.2.jar;D:\Environment\apache-maven-3.8.1\maven-repo\org\junit\jupiter\junit-jupiter-engine\5.6.2\junit-jupiter-engine-5.6.2.jar;D:\Environment\apache-maven-3.8.1\maven-repo\org\junit\vintage\junit-vintage-engine\5.6.2\junit-vintage-engine-5.6.2.jar;D:\Environment\apache-maven-3.8.1\maven-repo\org\apiguardian\apiguardian-api\1.1.0\apiguardian-api-1.1.0.jar;D:\Environment\apache-maven-3.8.1\maven-repo\org\junit\platform\junit-platform-engine\1.6.2\junit-platform-engine-1.6.2.jar;D:\Environment\apache-maven-3.8.1\maven-repo\junit\junit\4.13\junit-4.13.jar;D:\Environment\apache-maven-3.8.1\maven-repo\org\mockito\mockito-core\3.3.3\mockito-core-3.3.3.jar;D:\Environment\apache-maven-3.8.1\maven-repo\net\bytebuddy\byte-buddy\1.10.10\byte-buddy-1.10.10.jar;D:\Environment\apache-maven-3.8.1\maven-repo\net\bytebuddy\byte-buddy-agent\1.10.10\byte-buddy-agent-1.10.10.jar;D:\Environment\apache-maven-3.8.1\maven-repo\org\objenesis\objenesis\2.6\objenesis-2.6.jar;D:\Environment\apache-maven-3.8.1\maven-repo\org\mockito\mockito-junit-jupiter\3.3.3\mockito-junit-jupiter-3.3.3.jar;D:\Environment\apache-maven-3.8.1\maven-repo\org\skyscreamer\jsonassert\1.5.0\jsonassert-1.5.0.jar;D:\Environment\apache-maven-3.8.1\maven-repo\com\vaadin\external\google\android-json\0.0.20131108.vaadin1\android-json-0.0.20131108.vaadin1.jar;D:\Environment\apache-maven-3.8.1\maven-repo\org\springframework\spring-test\5.2.8.RELEASE\spring-test-5.2.8.RELEASE.jar;D:\Environment\apache-maven-3.8.1\maven-repo\org\xmlunit\xmlunit-core\2.7.0\xmlunit-core-2.7.0.jar;D:\Environment\apache-maven-3.8.1\maven-repo\com\alibaba\fastjson\1.2.57\fastjson-1.2.57.jar;D:\Environment\apache-maven-3.8.1\maven-repo\net\sf\trove4j\core\3.1.0\core-3.1.0.jar;D:\Environment\apache-maven-3.8.1\maven-repo\org\springframework\boot\spring-boot-starter-amqp\2.3.0.RELEASE\spring-boot-starter-amqp-2.3.0.RELEASE.jar;D:\Environment\apache-maven-3.8.1\maven-repo\org\springframework\spring-messaging\5.2.8.RELEASE\spring-messaging-5.2.8.RELEASE.jar;D:\Environment\apache-maven-3.8.1\maven-repo\org\springframework\amqp\spring-rabbit\2.2.6.RELEASE\spring-rabbit-2.2.6.RELEASE.jar;D:\Environment\apache-maven-3.8.1\maven-repo\com\rabbitmq\amqp-client\5.9.0\amqp-client-5.9.0.jar;D:\Environment\apache-maven-3.8.1\maven-repo\org\springframework\amqp\spring-amqp\2.2.6.RELEASE\spring-amqp-2.2.6.RELEASE.jar;D:\Environment\apache-maven-3.8.1\maven-repo\org\springframework\retry\spring-retry\1.2.5.RELEASE\spring-retry-1.2.5.RELEASE.jar;D:\Environment\apache-maven-3.8.1\maven-repo\org\springframework\spring-tx\5.2.8.RELEASE\spring-tx-5.2.8.RELEASE.jar;D:\Environment\apache-maven-3.8.1\maven-repo\org\tinylog\tinylog-impl\2.4.1\tinylog-impl-2.4.1.jar;D:\Environment\apache-maven-3.8.1\maven-repo\org\tinylog\tinylog-api\2.4.1\tinylog-api-2.4.1.jar;D:\Environment\apache-maven-3.8.1\maven-repo\org\codehaus\mojo\animal-sniffer-annotations\1.18\animal-sniffer-annotations-1.18.jar;D:\Environment\apache-maven-3.8.1\maven-repo\org\projectlombok\lombok\1.18.20\lombok-1.18.20.jar;"/>
    <property name="sun.cpu.endian" value="little"/>
    <property name="user.home" value="C:\Users\zhang"/>
    <property name="user.language" value="zh"/>
    <property name="java.specification.vendor" value="Oracle Corporation"/>
    <property name="java.home" value="C:\Program Files\Java\jdk1.8.0_152\jre"/>
    <property name="basedir" value="F:\Code\java2\社团\Answer\9092-mq"/>
    <property name="file.separator" value="\"/>
    <property name="line.separator" value="&#10;"/>
    <property name="java.vm.specification.vendor" value="Oracle Corporation"/>
    <property name="java.specification.name" value="Java Platform API Specification"/>
    <property name="java.awt.graphicsenv" value="sun.awt.Win32GraphicsEnvironment"/>
    <property name="surefire.real.class.path" value="C:\Users\zhang\AppData\Local\Temp\surefire4022339363401193269\surefirebooter5159262452980009107.jar"/>
    <property name="sun.boot.class.path" value="C:\Program Files\Java\jdk1.8.0_152\jre\lib\resources.jar;C:\Program Files\Java\jdk1.8.0_152\jre\lib\rt.jar;C:\Program Files\Java\jdk1.8.0_152\jre\lib\sunrsasign.jar;C:\Program Files\Java\jdk1.8.0_152\jre\lib\jsse.jar;C:\Program Files\Java\jdk1.8.0_152\jre\lib\jce.jar;C:\Program Files\Java\jdk1.8.0_152\jre\lib\charsets.jar;C:\Program Files\Java\jdk1.8.0_152\jre\lib\jfr.jar;C:\Program Files\Java\jdk1.8.0_152\jre\classes"/>
    <property name="user.script" value=""/>
    <property name="sun.management.compiler" value="HotSpot 64-Bit Tiered Compilers"/>
    <property name="java.runtime.version" value="1.8.0_152-b16"/>
    <property name="user.name" value="zhang"/>
    <property name="path.separator" value=";"/>
    <property name="os.version" value="10.0"/>
    <property name="java.endorsed.dirs" value="C:\Program Files\Java\jdk1.8.0_152\jre\lib\endorsed"/>
    <property name="java.runtime.name" value="Java(TM) SE Runtime Environment"/>
    <property name="file.encoding" value="GBK"/>
    <property name="java.vm.name" value="Java HotSpot(TM) 64-Bit Server VM"/>
    <property name="localRepository" value="D:\Environment\apache-maven-3.8.1\maven-repo"/>
    <property name="java.vendor.url.bug" value="http://bugreport.sun.com/bugreport/"/>
    <property name="java.io.tmpdir" value="C:\Users\zhang\AppData\Local\Temp\"/>
    <property name="idea.version" value="2021.1.3"/>
    <property name="java.version" value="1.8.0_152"/>
    <property name="user.dir" value="F:\Code\java2\社团\Answer\9092-mq"/>
    <property name="os.arch" value="amd64"/>
    <property name="java.vm.specification.name" value="Java Virtual Machine Specification"/>
    <property name="java.awt.printerjob" value="sun.awt.windows.WPrinterJob"/>
    <property name="sun.os.patch.level" value=""/>
    <property name="java.library.path" value="C:\Program Files\Java\jdk1.8.0_152\jre\bin;C:\WINDOWS\Sun\Java\bin;C:\WINDOWS\system32;C:\WINDOWS;C:\Program Files\Java\jdk1.8.0_152\bin;C:\ProgramData\Oracle\Java\javapath;C:\WINDOWS\system32;C:\WINDOWS;C:\WINDOWS\System32\Wbem;C:\WINDOWS\System32\WindowsPowerShell\v1.0\;C:\WINDOWS\System32\OpenSSH\;C:\Program Files\Git\cmd;C:\Program Files\MySQL\MySQL Server 8.0\bin;C:\Program Files\MySQL\MySQL Server 8.0\\bin;D:\app\Xshell\;D:\app\Xftp\;D:\Environment\node\;D:\Environment\apache-maven-3.8.1\bin;C:\Program Files\dotnet\;F:\application3\hugo;C:\Users\zhang\AppData\Local\Programs\Python\Python39\Scripts\;C:\Users\zhang\AppData\Local\Programs\Python\Python39\;C:\Users\zhang\AppData\Local\Microsoft\WindowsApps;C:\Users\zhang\AppData\Roaming\npm;C:\Users\zhang\AppData\Local\Programs\Microsoft VS Code\bin;C:\Users\zhang\.dotnet\tools;C:\Program Files\Git\bin;;."/>
    <property name="java.vm.info" value="mixed mode"/>
    <property name="java.vendor" value="Oracle Corporation"/>
    <property name="java.vm.version" value="25.152-b16"/>
    <property name="java.ext.dirs" value="C:\Program Files\Java\jdk1.8.0_152\jre\lib\ext;C:\WINDOWS\Sun\Java\lib\ext"/>
    <property name="sun.io.unicode.encoding" value="UnicodeLittle"/>
    <property name="maven.repo.local" value="D:\Environment\apache-maven-3.8.1\maven-repo"/>
    <property name="java.class.version" value="52.0"/>
  </properties>
  <testcase name="test1" classname="TestRabbitMQ" time="0.003">
    <error message="Failed to load ApplicationContext" type="java.lang.IllegalStateException">java.lang.IllegalStateException: Failed to load ApplicationContext
Caused by: org.springframework.beans.factory.UnsatisfiedDependencyException: Error creating bean with name 'issueController': Unsatisfied dependency expressed through field 'restTemplate'; nested exception is org.springframework.beans.factory.NoSuchBeanDefinitionException: No qualifying bean of type 'org.springframework.web.client.RestTemplate' available: expected at least 1 bean which qualifies as autowire candidate. Dependency annotations: {@org.springframework.beans.factory.annotation.Autowired(required=true)}
Caused by: org.springframework.beans.factory.NoSuchBeanDefinitionException: No qualifying bean of type 'org.springframework.web.client.RestTemplate' available: expected at least 1 bean which qualifies as autowire candidate. Dependency annotations: {@org.springframework.beans.factory.annotation.Autowired(required=true)}
</error>
    <system-out><![CDATA[16:34:34.118 [main] DEBUG org.springframework.test.context.junit4.SpringJUnit4ClassRunner - SpringJUnit4ClassRunner constructor called with [class TestRabbitMQ]
16:34:34.124 [main] DEBUG org.springframework.test.context.BootstrapUtils - Instantiating CacheAwareContextLoaderDelegate from class [org.springframework.test.context.cache.DefaultCacheAwareContextLoaderDelegate]
16:34:34.134 [main] DEBUG org.springframework.test.context.BootstrapUtils - Instantiating BootstrapContext using constructor [public org.springframework.test.context.support.DefaultBootstrapContext(java.lang.Class,org.springframework.test.context.CacheAwareContextLoaderDelegate)]
16:34:34.177 [main] DEBUG org.springframework.test.context.BootstrapUtils - Instantiating TestContextBootstrapper for test class [TestRabbitMQ] from class [org.springframework.boot.test.context.SpringBootTestContextBootstrapper]
16:34:34.203 [main] INFO org.springframework.boot.test.context.SpringBootTestContextBootstrapper - Neither @ContextConfiguration nor @ContextHierarchy found for test class [TestRabbitMQ], using SpringBootContextLoader
16:34:34.207 [main] DEBUG org.springframework.test.context.support.AbstractContextLoader - Did not detect default resource location for test class [TestRabbitMQ]: class path resource [TestRabbitMQ-context.xml] does not exist
16:34:34.207 [main] DEBUG org.springframework.test.context.support.AbstractContextLoader - Did not detect default resource location for test class [TestRabbitMQ]: class path resource [TestRabbitMQContext.groovy] does not exist
16:34:34.208 [main] INFO org.springframework.test.context.support.AbstractContextLoader - Could not detect default resource locations for test class [TestRabbitMQ]: no resource found for suffixes {-context.xml, Context.groovy}.
16:34:34.270 [main] DEBUG org.springframework.test.context.support.ActiveProfilesUtils - Could not find an 'annotation declaring class' for annotation type [org.springframework.test.context.ActiveProfiles] and class [TestRabbitMQ]
16:34:34.472 [main] DEBUG org.springframework.boot.test.context.SpringBootTestContextBootstrapper - @TestExecutionListeners is not present for class [TestRabbitMQ]: using defaults.
16:34:34.473 [main] INFO org.springframework.boot.test.context.SpringBootTestContextBootstrapper - Loaded default TestExecutionListener class names from location [META-INF/spring.factories]: [org.springframework.boot.test.mock.mockito.MockitoTestExecutionListener, org.springframework.boot.test.mock.mockito.ResetMocksTestExecutionListener, org.springframework.boot.test.autoconfigure.restdocs.RestDocsTestExecutionListener, org.springframework.boot.test.autoconfigure.web.client.MockRestServiceServerResetTestExecutionListener, org.springframework.boot.test.autoconfigure.web.servlet.MockMvcPrintOnlyOnFailureTestExecutionListener, org.springframework.boot.test.autoconfigure.web.servlet.WebDriverTestExecutionListener, org.springframework.boot.test.autoconfigure.webservices.client.MockWebServiceServerTestExecutionListener, org.springframework.test.context.web.ServletTestExecutionListener, org.springframework.test.context.support.DirtiesContextBeforeModesTestExecutionListener, org.springframework.test.context.support.DependencyInjectionTestExecutionListener, org.springframework.test.context.support.DirtiesContextTestExecutionListener, org.springframework.test.context.transaction.TransactionalTestExecutionListener, org.springframework.test.context.jdbc.SqlScriptsTestExecutionListener, org.springframework.test.context.event.EventPublishingTestExecutionListener]
16:34:34.505 [main] INFO org.springframework.boot.test.context.SpringBootTestContextBootstrapper - Using TestExecutionListeners: [org.springframework.test.context.web.ServletTestExecutionListener@71def8f8, org.springframework.test.context.support.DirtiesContextBeforeModesTestExecutionListener@383bfa16, org.springframework.boot.test.mock.mockito.MockitoTestExecutionListener@4d465b11, org.springframework.boot.test.autoconfigure.SpringBootDependencyInjectionTestExecutionListener@53fdffa1, org.springframework.test.context.support.DirtiesContextTestExecutionListener@5562c41e, org.springframework.test.context.transaction.TransactionalTestExecutionListener@32ee6fee, org.springframework.test.context.jdbc.SqlScriptsTestExecutionListener@4d0f2471, org.springframework.test.context.event.EventPublishingTestExecutionListener@7133da86, org.springframework.boot.test.mock.mockito.ResetMocksTestExecutionListener@3232a28a, org.springframework.boot.test.autoconfigure.restdocs.RestDocsTestExecutionListener@73e22a3d, org.springframework.boot.test.autoconfigure.web.client.MockRestServiceServerResetTestExecutionListener@47faa49c, org.springframework.boot.test.autoconfigure.web.servlet.MockMvcPrintOnlyOnFailureTestExecutionListener@28f2a10f, org.springframework.boot.test.autoconfigure.web.servlet.WebDriverTestExecutionListener@f736069, org.springframework.boot.test.autoconfigure.webservices.client.MockWebServiceServerTestExecutionListener@6da21078]
16:34:34.509 [main] DEBUG org.springframework.test.annotation.ProfileValueUtils - Retrieved @ProfileValueSourceConfiguration [null] for test class [TestRabbitMQ]
16:34:34.511 [main] DEBUG org.springframework.test.annotation.ProfileValueUtils - Retrieved ProfileValueSource type [class org.springframework.test.annotation.SystemProfileValueSource] for class [TestRabbitMQ]
16:34:34.513 [main] DEBUG org.springframework.test.annotation.ProfileValueUtils - Retrieved @ProfileValueSourceConfiguration [null] for test class [TestRabbitMQ]
16:34:34.513 [main] DEBUG org.springframework.test.annotation.ProfileValueUtils - Retrieved ProfileValueSource type [class org.springframework.test.annotation.SystemProfileValueSource] for class [TestRabbitMQ]
16:34:34.518 [main] DEBUG org.springframework.test.annotation.ProfileValueUtils - Retrieved @ProfileValueSourceConfiguration [null] for test class [TestRabbitMQ]
16:34:34.518 [main] DEBUG org.springframework.test.annotation.ProfileValueUtils - Retrieved ProfileValueSource type [class org.springframework.test.annotation.SystemProfileValueSource] for class [TestRabbitMQ]
16:34:34.552 [main] DEBUG org.springframework.test.context.junit4.SpringJUnit4ClassRunner - SpringJUnit4ClassRunner constructor called with [class TestRabbitMQ]
16:34:34.552 [main] DEBUG org.springframework.test.context.BootstrapUtils - Instantiating CacheAwareContextLoaderDelegate from class [org.springframework.test.context.cache.DefaultCacheAwareContextLoaderDelegate]
16:34:34.552 [main] DEBUG org.springframework.test.context.BootstrapUtils - Instantiating BootstrapContext using constructor [public org.springframework.test.context.support.DefaultBootstrapContext(java.lang.Class,org.springframework.test.context.CacheAwareContextLoaderDelegate)]
16:34:34.553 [main] DEBUG org.springframework.test.context.BootstrapUtils - Instantiating TestContextBootstrapper for test class [TestRabbitMQ] from class [org.springframework.boot.test.context.SpringBootTestContextBootstrapper]
16:34:34.554 [main] INFO org.springframework.boot.test.context.SpringBootTestContextBootstrapper - Neither @ContextConfiguration nor @ContextHierarchy found for test class [TestRabbitMQ], using SpringBootContextLoader
16:34:34.555 [main] DEBUG org.springframework.test.context.support.AbstractContextLoader - Did not detect default resource location for test class [TestRabbitMQ]: class path resource [TestRabbitMQ-context.xml] does not exist
16:34:34.555 [main] DEBUG org.springframework.test.context.support.AbstractContextLoader - Did not detect default resource location for test class [TestRabbitMQ]: class path resource [TestRabbitMQContext.groovy] does not exist
16:34:34.556 [main] INFO org.springframework.test.context.support.AbstractContextLoader - Could not detect default resource locations for test class [TestRabbitMQ]: no resource found for suffixes {-context.xml, Context.groovy}.
16:34:34.558 [main] DEBUG org.springframework.test.context.support.ActiveProfilesUtils - Could not find an 'annotation declaring class' for annotation type [org.springframework.test.context.ActiveProfiles] and class [TestRabbitMQ]
16:34:34.561 [main] DEBUG org.springframework.boot.test.context.SpringBootTestContextBootstrapper - @TestExecutionListeners is not present for class [TestRabbitMQ]: using defaults.
16:34:34.561 [main] INFO org.springframework.boot.test.context.SpringBootTestContextBootstrapper - Loaded default TestExecutionListener class names from location [META-INF/spring.factories]: [org.springframework.boot.test.mock.mockito.MockitoTestExecutionListener, org.springframework.boot.test.mock.mockito.ResetMocksTestExecutionListener, org.springframework.boot.test.autoconfigure.restdocs.RestDocsTestExecutionListener, org.springframework.boot.test.autoconfigure.web.client.MockRestServiceServerResetTestExecutionListener, org.springframework.boot.test.autoconfigure.web.servlet.MockMvcPrintOnlyOnFailureTestExecutionListener, org.springframework.boot.test.autoconfigure.web.servlet.WebDriverTestExecutionListener, org.springframework.boot.test.autoconfigure.webservices.client.MockWebServiceServerTestExecutionListener, org.springframework.test.context.web.ServletTestExecutionListener, org.springframework.test.context.support.DirtiesContextBeforeModesTestExecutionListener, org.springframework.test.context.support.DependencyInjectionTestExecutionListener, org.springframework.test.context.support.DirtiesContextTestExecutionListener, org.springframework.test.context.transaction.TransactionalTestExecutionListener, org.springframework.test.context.jdbc.SqlScriptsTestExecutionListener, org.springframework.test.context.event.EventPublishingTestExecutionListener]
16:34:34.562 [main] INFO org.springframework.boot.test.context.SpringBootTestContextBootstrapper - Using TestExecutionListeners: [org.springframework.test.context.web.ServletTestExecutionListener@534a5a98, org.springframework.test.context.support.DirtiesContextBeforeModesTestExecutionListener@4f80542f, org.springframework.boot.test.mock.mockito.MockitoTestExecutionListener@60bd273d, org.springframework.boot.test.autoconfigure.SpringBootDependencyInjectionTestExecutionListener@121314f7, org.springframework.test.context.support.DirtiesContextTestExecutionListener@130c12b7, org.springframework.test.context.transaction.TransactionalTestExecutionListener@5e600dd5, org.springframework.test.context.jdbc.SqlScriptsTestExecutionListener@576d5deb, org.springframework.test.context.event.EventPublishingTestExecutionListener@5d534f5d, org.springframework.boot.test.mock.mockito.ResetMocksTestExecutionListener@2e3967ea, org.springframework.boot.test.autoconfigure.restdocs.RestDocsTestExecutionListener@70e9c95d, org.springframework.boot.test.autoconfigure.web.client.MockRestServiceServerResetTestExecutionListener@4d5650ae, org.springframework.boot.test.autoconfigure.web.servlet.MockMvcPrintOnlyOnFailureTestExecutionListener@a38c7fe, org.springframework.boot.test.autoconfigure.web.servlet.WebDriverTestExecutionListener@6fdbe764, org.springframework.boot.test.autoconfigure.webservices.client.MockWebServiceServerTestExecutionListener@51c668e3]
16:34:34.562 [main] DEBUG org.springframework.test.annotation.ProfileValueUtils - Retrieved @ProfileValueSourceConfiguration [null] for test class [TestRabbitMQ]
16:34:34.562 [main] DEBUG org.springframework.test.annotation.ProfileValueUtils - Retrieved ProfileValueSource type [class org.springframework.test.annotation.SystemProfileValueSource] for class [TestRabbitMQ]
16:34:34.562 [main] DEBUG org.springframework.test.annotation.ProfileValueUtils - Retrieved @ProfileValueSourceConfiguration [null] for test class [TestRabbitMQ]
16:34:34.563 [main] DEBUG org.springframework.test.annotation.ProfileValueUtils - Retrieved ProfileValueSource type [class org.springframework.test.annotation.SystemProfileValueSource] for class [TestRabbitMQ]
16:34:34.563 [main] DEBUG org.springframework.test.annotation.ProfileValueUtils - Retrieved @ProfileValueSourceConfiguration [null] for test class [TestRabbitMQ]
16:34:34.563 [main] DEBUG org.springframework.test.annotation.ProfileValueUtils - Retrieved ProfileValueSource type [class org.springframework.test.annotation.SystemProfileValueSource] for class [TestRabbitMQ]
16:34:34.630 [main] DEBUG org.springframework.test.annotation.ProfileValueUtils - Retrieved @ProfileValueSourceConfiguration [null] for test class [TestRabbitMQ]
16:34:34.630 [main] DEBUG org.springframework.test.annotation.ProfileValueUtils - Retrieved ProfileValueSource type [class org.springframework.test.annotation.SystemProfileValueSource] for class [TestRabbitMQ]
16:34:34.636 [main] DEBUG org.springframework.test.annotation.ProfileValueUtils - Retrieved @ProfileValueSourceConfiguration [null] for test class [TestRabbitMQ]
16:34:34.636 [main] DEBUG org.springframework.test.annotation.ProfileValueUtils - Retrieved ProfileValueSource type [class org.springframework.test.annotation.SystemProfileValueSource] for class [TestRabbitMQ]
16:34:34.637 [main] DEBUG org.springframework.test.annotation.ProfileValueUtils - Retrieved @ProfileValueSourceConfiguration [null] for test class [TestRabbitMQ]
16:34:34.637 [main] DEBUG org.springframework.test.annotation.ProfileValueUtils - Retrieved ProfileValueSource type [class org.springframework.test.annotation.SystemProfileValueSource] for class [TestRabbitMQ]
16:34:34.645 [main] DEBUG org.springframework.test.context.support.AbstractDirtiesContextTestExecutionListener - Before test class: context [DefaultTestContext@480d3575 testClass = TestRabbitMQ, testInstance = [null], testMethod = [null], testException = [null], mergedContextConfiguration = [WebMergedContextConfiguration@f1da57d testClass = TestRabbitMQ, locations = '{}', classes = '{class com.luyi.MqApplication, class com.luyi.MqApplication}', contextInitializerClasses = '[]', activeProfiles = '{}', propertySourceLocations = '{}', propertySourceProperties = '{org.springframework.boot.test.context.SpringBootTestContextBootstrapper=true}', contextCustomizers = set[org.springframework.boot.test.context.filter.ExcludeFilterContextCustomizer@3eb7fc54, org.springframework.boot.test.json.DuplicateJsonObjectContextCustomizerFactory$DuplicateJsonObjectContextCustomizer@460d0a57, org.springframework.boot.test.mock.mockito.MockitoContextCustomizer@0, org.springframework.boot.test.web.client.TestRestTemplateContextCustomizer@48e4374, org.springframework.boot.test.autoconfigure.properties.PropertyMappingContextCustomizer@0, org.springframework.boot.test.autoconfigure.web.servlet.WebDriverContextCustomizerFactory$Customizer@9225652, org.springframework.boot.test.context.SpringBootTestArgs@1], resourceBasePath = 'src/main/webapp', contextLoader = 'org.springframework.boot.test.context.SpringBootContextLoader', parent = [null]], attributes = map['org.springframework.test.context.web.ServletTestExecutionListener.activateListener' -> true]], class annotated with @DirtiesContext [false] with mode [null].
16:34:34.647 [main] DEBUG org.springframework.test.annotation.ProfileValueUtils - Retrieved @ProfileValueSourceConfiguration [null] for test class [TestRabbitMQ]
16:34:34.648 [main] DEBUG org.springframework.test.annotation.ProfileValueUtils - Retrieved ProfileValueSource type [class org.springframework.test.annotation.SystemProfileValueSource] for class [TestRabbitMQ]
16:34:34.687 [main] DEBUG org.springframework.test.context.support.TestPropertySourceUtils - Adding inlined properties to environment: {spring.jmx.enabled=false, org.springframework.boot.test.context.SpringBootTestContextBootstrapper=true}

  .   ____          _            __ _ _
 /\\ / ___'_ __ _ _(_)_ __  __ _ \ \ \ \
( ( )\___ | '_ | '_| | '_ \/ _` | \ \ \ \
 \\/  ___)| |_)| | | | | || (_| |  ) ) ) )
  '  |____| .__|_| |_|_| |_\__, | / / / /
 =========|_|==============|___/=/_/_/_/
 :: Spring Boot ::        (v2.3.0.RELEASE)

2022-02-07 16:34:36.149  INFO 10680 --- [           main] TestRabbitMQ                             : No active profile set, falling back to default profiles: default
2022-02-07 16:34:37.299  INFO 10680 --- [           main] o.s.cloud.context.scope.GenericScope     : BeanFactory id=ea7c8383-6cc4-3315-a35e-c4e5615f5ff5
2022-02-07 16:34:37.582  WARN 10680 --- [           main] o.s.w.c.s.GenericWebApplicationContext   : Exception encountered during context initialization - cancelling refresh attempt: org.springframework.beans.factory.UnsatisfiedDependencyException: Error creating bean with name 'issueController': Unsatisfied dependency expressed through field 'restTemplate'; nested exception is org.springframework.beans.factory.NoSuchBeanDefinitionException: No qualifying bean of type 'org.springframework.web.client.RestTemplate' available: expected at least 1 bean which qualifies as autowire candidate. Dependency annotations: {@org.springframework.beans.factory.annotation.Autowired(required=true)}
2022-02-07 16:34:37.595  INFO 10680 --- [           main] ConditionEvaluationReportLoggingListener : 

Error starting ApplicationContext. To display the conditions report re-run your application with 'debug' enabled.
2022-02-07 16:34:37.783 ERROR 10680 --- [           main] o.s.b.d.LoggingFailureAnalysisReporter   : 

***************************
APPLICATION FAILED TO START
***************************

Description:

Field restTemplate in com.luyi.controller.IssueController required a bean of type 'org.springframework.web.client.RestTemplate' that could not be found.

The injection point has the following annotations:
	- @org.springframework.beans.factory.annotation.Autowired(required=true)


Action:

Consider defining a bean of type 'org.springframework.web.client.RestTemplate' in your configuration.

2022-02-07 16:34:37.790 ERROR 10680 --- [           main] o.s.test.context.TestContextManager      : Caught exception while allowing TestExecutionListener [org.springframework.test.context.web.ServletTestExecutionListener@534a5a98] to prepare test instance [TestRabbitMQ@1317b708]

java.lang.IllegalStateException: Failed to load ApplicationContext
	at org.springframework.test.context.cache.DefaultCacheAwareContextLoaderDelegate.loadContext(DefaultCacheAwareContextLoaderDelegate.java:132) ~[spring-test-5.2.8.RELEASE.jar:5.2.8.RELEASE]
	at org.springframework.test.context.support.DefaultTestContext.getApplicationContext(DefaultTestContext.java:123) ~[spring-test-5.2.8.RELEASE.jar:5.2.8.RELEASE]
	at org.springframework.test.context.web.ServletTestExecutionListener.setUpRequestContextIfNecessary(ServletTestExecutionListener.java:190) ~[spring-test-5.2.8.RELEASE.jar:5.2.8.RELEASE]
	at org.springframework.test.context.web.ServletTestExecutionListener.prepareTestInstance(ServletTestExecutionListener.java:132) ~[spring-test-5.2.8.RELEASE.jar:5.2.8.RELEASE]
	at org.springframework.test.context.TestContextManager.prepareTestInstance(TestContextManager.java:244) ~[spring-test-5.2.8.RELEASE.jar:5.2.8.RELEASE]
	at org.springframework.test.context.junit4.SpringJUnit4ClassRunner.createTest(SpringJUnit4ClassRunner.java:227) [spring-test-5.2.8.RELEASE.jar:5.2.8.RELEASE]
	at org.springframework.test.context.junit4.SpringJUnit4ClassRunner$1.runReflectiveCall(SpringJUnit4ClassRunner.java:289) [spring-test-5.2.8.RELEASE.jar:5.2.8.RELEASE]
	at org.junit.internal.runners.model.ReflectiveCallable.run(ReflectiveCallable.java:12) [junit-4.13.jar:4.13]
	at org.springframework.test.context.junit4.SpringJUnit4ClassRunner.methodBlock(SpringJUnit4ClassRunner.java:291) [spring-test-5.2.8.RELEASE.jar:5.2.8.RELEASE]
	at org.springframework.test.context.junit4.SpringJUnit4ClassRunner.runChild(SpringJUnit4ClassRunner.java:246) [spring-test-5.2.8.RELEASE.jar:5.2.8.RELEASE]
	at org.springframework.test.context.junit4.SpringJUnit4ClassRunner.runChild(SpringJUnit4ClassRunner.java:97) [spring-test-5.2.8.RELEASE.jar:5.2.8.RELEASE]
	at org.junit.runners.ParentRunner$4.run(ParentRunner.java:331) [junit-4.13.jar:4.13]
	at org.junit.runners.ParentRunner$1.schedule(ParentRunner.java:79) [junit-4.13.jar:4.13]
	at org.junit.runners.ParentRunner.runChildren(ParentRunner.java:329) [junit-4.13.jar:4.13]
	at org.junit.runners.ParentRunner.access$100(ParentRunner.java:66) [junit-4.13.jar:4.13]
	at org.junit.runners.ParentRunner$2.evaluate(ParentRunner.java:293) [junit-4.13.jar:4.13]
	at org.springframework.test.context.junit4.statements.RunBeforeTestClassCallbacks.evaluate(RunBeforeTestClassCallbacks.java:61) [spring-test-5.2.8.RELEASE.jar:5.2.8.RELEASE]
	at org.springframework.test.context.junit4.statements.RunAfterTestClassCallbacks.evaluate(RunAfterTestClassCallbacks.java:70) [spring-test-5.2.8.RELEASE.jar:5.2.8.RELEASE]
	at org.junit.runners.ParentRunner$3.evaluate(ParentRunner.java:306) [junit-4.13.jar:4.13]
	at org.junit.runners.ParentRunner.run(ParentRunner.java:413) [junit-4.13.jar:4.13]
	at org.springframework.test.context.junit4.SpringJUnit4ClassRunner.run(SpringJUnit4ClassRunner.java:190) [spring-test-5.2.8.RELEASE.jar:5.2.8.RELEASE]
	at org.junit.runner.JUnitCore.run(JUnitCore.java:137) [junit-4.13.jar:4.13]
	at org.junit.runner.JUnitCore.run(JUnitCore.java:115) [junit-4.13.jar:4.13]
	at org.junit.vintage.engine.execution.RunnerExecutor.execute(RunnerExecutor.java:43) [junit-vintage-engine-5.6.2.jar:5.6.2]
	at java.util.stream.ForEachOps$ForEachOp$OfRef.accept(ForEachOps.java:184) ~[na:1.8.0_152]
	at java.util.stream.ReferencePipeline$3$1.accept(ReferencePipeline.java:193) ~[na:1.8.0_152]
	at java.util.Iterator.forEachRemaining(Iterator.java:116) ~[na:1.8.0_152]
	at java.util.Spliterators$IteratorSpliterator.forEachRemaining(Spliterators.java:1801) ~[na:1.8.0_152]
	at java.util.stream.AbstractPipeline.copyInto(AbstractPipeline.java:481) ~[na:1.8.0_152]
	at java.util.stream.AbstractPipeline.wrapAndCopyInto(AbstractPipeline.java:471) ~[na:1.8.0_152]
	at java.util.stream.ForEachOps$ForEachOp.evaluateSequential(ForEachOps.java:151) ~[na:1.8.0_152]
	at java.util.stream.ForEachOps$ForEachOp$OfRef.evaluateSequential(ForEachOps.java:174) ~[na:1.8.0_152]
	at java.util.stream.AbstractPipeline.evaluate(AbstractPipeline.java:234) ~[na:1.8.0_152]
	at java.util.stream.ReferencePipeline.forEach(ReferencePipeline.java:418) ~[na:1.8.0_152]
	at org.junit.vintage.engine.VintageTestEngine.executeAllChildren(VintageTestEngine.java:82) ~[junit-vintage-engine-5.6.2.jar:5.6.2]
	at org.junit.vintage.engine.VintageTestEngine.execute(VintageTestEngine.java:73) ~[junit-vintage-engine-5.6.2.jar:5.6.2]
	at org.junit.platform.launcher.core.DefaultLauncher.execute(DefaultLauncher.java:220) ~[junit-platform-launcher-1.3.1.jar:1.3.1]
	at org.junit.platform.launcher.core.DefaultLauncher.lambda$execute$6(DefaultLauncher.java:188) ~[junit-platform-launcher-1.3.1.jar:1.3.1]
	at org.junit.platform.launcher.core.DefaultLauncher.withInterceptedStreams(DefaultLauncher.java:202) ~[junit-platform-launcher-1.3.1.jar:1.3.1]
	at org.junit.platform.launcher.core.DefaultLauncher.execute(DefaultLauncher.java:181) ~[junit-platform-launcher-1.3.1.jar:1.3.1]
	at org.junit.platform.launcher.core.DefaultLauncher.execute(DefaultLauncher.java:128) ~[junit-platform-launcher-1.3.1.jar:1.3.1]
	at org.apache.maven.surefire.junitplatform.JUnitPlatformProvider.invokeAllTests(JUnitPlatformProvider.java:150) ~[surefire-junit-platform-2.22.2.jar:2.22.2]
	at org.apache.maven.surefire.junitplatform.JUnitPlatformProvider.invoke(JUnitPlatformProvider.java:124) ~[surefire-junit-platform-2.22.2.jar:2.22.2]
	at org.apache.maven.surefire.booter.ForkedBooter.invokeProviderInSameClassLoader(ForkedBooter.java:384) ~[surefire-booter-2.22.2.jar:2.22.2]
	at org.apache.maven.surefire.booter.ForkedBooter.runSuitesInProcess(ForkedBooter.java:345) ~[surefire-booter-2.22.2.jar:2.22.2]
	at org.apache.maven.surefire.booter.ForkedBooter.execute(ForkedBooter.java:126) ~[surefire-booter-2.22.2.jar:2.22.2]
	at org.apache.maven.surefire.booter.ForkedBooter.main(ForkedBooter.java:418) ~[surefire-booter-2.22.2.jar:2.22.2]
Caused by: org.springframework.beans.factory.UnsatisfiedDependencyException: Error creating bean with name 'issueController': Unsatisfied dependency expressed through field 'restTemplate'; nested exception is org.springframework.beans.factory.NoSuchBeanDefinitionException: No qualifying bean of type 'org.springframework.web.client.RestTemplate' available: expected at least 1 bean which qualifies as autowire candidate. Dependency annotations: {@org.springframework.beans.factory.annotation.Autowired(required=true)}
	at org.springframework.beans.factory.annotation.AutowiredAnnotationBeanPostProcessor$AutowiredFieldElement.inject(AutowiredAnnotationBeanPostProcessor.java:643) ~[spring-beans-5.2.8.RELEASE.jar:5.2.8.RELEASE]
	at org.springframework.beans.factory.annotation.InjectionMetadata.inject(InjectionMetadata.java:130) ~[spring-beans-5.2.8.RELEASE.jar:5.2.8.RELEASE]
	at org.springframework.beans.factory.annotation.AutowiredAnnotationBeanPostProcessor.postProcessProperties(AutowiredAnnotationBeanPostProcessor.java:399) ~[spring-beans-5.2.8.RELEASE.jar:5.2.8.RELEASE]
	at org.springframework.beans.factory.support.AbstractAutowireCapableBeanFactory.populateBean(AbstractAutowireCapableBeanFactory.java:1420) ~[spring-beans-5.2.8.RELEASE.jar:5.2.8.RELEASE]
	at org.springframework.beans.factory.support.AbstractAutowireCapableBeanFactory.doCreateBean(AbstractAutowireCapableBeanFactory.java:593) ~[spring-beans-5.2.8.RELEASE.jar:5.2.8.RELEASE]
	at org.springframework.beans.factory.support.AbstractAutowireCapableBeanFactory.createBean(AbstractAutowireCapableBeanFactory.java:516) ~[spring-beans-5.2.8.RELEASE.jar:5.2.8.RELEASE]
	at org.springframework.beans.factory.support.AbstractBeanFactory.lambda$doGetBean$0(AbstractBeanFactory.java:324) ~[spring-beans-5.2.8.RELEASE.jar:5.2.8.RELEASE]
	at org.springframework.beans.factory.support.DefaultSingletonBeanRegistry.getSingleton(DefaultSingletonBeanRegistry.java:226) ~[spring-beans-5.2.8.RELEASE.jar:5.2.8.RELEASE]
	at org.springframework.beans.factory.support.AbstractBeanFactory.doGetBean(AbstractBeanFactory.java:322) ~[spring-beans-5.2.8.RELEASE.jar:5.2.8.RELEASE]
	at org.springframework.beans.factory.support.AbstractBeanFactory.getBean(AbstractBeanFactory.java:202) ~[spring-beans-5.2.8.RELEASE.jar:5.2.8.RELEASE]
	at org.springframework.beans.factory.support.DefaultListableBeanFactory.preInstantiateSingletons(DefaultListableBeanFactory.java:897) ~[spring-beans-5.2.8.RELEASE.jar:5.2.8.RELEASE]
	at org.springframework.context.support.AbstractApplicationContext.finishBeanFactoryInitialization(AbstractApplicationContext.java:879) ~[spring-context-5.2.8.RELEASE.jar:5.2.8.RELEASE]
	at org.springframework.context.support.AbstractApplicationContext.refresh(AbstractApplicationContext.java:551) ~[spring-context-5.2.8.RELEASE.jar:5.2.8.RELEASE]
	at org.springframework.boot.SpringApplication.refresh(SpringApplication.java:758) ~[spring-boot-2.3.0.RELEASE.jar:2.3.0.RELEASE]
	at org.springframework.boot.SpringApplication.refresh(SpringApplication.java:750) ~[spring-boot-2.3.0.RELEASE.jar:2.3.0.RELEASE]
	at org.springframework.boot.SpringApplication.refreshContext(SpringApplication.java:397) ~[spring-boot-2.3.0.RELEASE.jar:2.3.0.RELEASE]
	at org.springframework.boot.SpringApplication.run(SpringApplication.java:315) ~[spring-boot-2.3.0.RELEASE.jar:2.3.0.RELEASE]
	at org.springframework.boot.test.context.SpringBootContextLoader.loadContext(SpringBootContextLoader.java:120) ~[spring-boot-test-2.3.0.RELEASE.jar:2.3.0.RELEASE]
	at org.springframework.test.context.cache.DefaultCacheAwareContextLoaderDelegate.loadContextInternal(DefaultCacheAwareContextLoaderDelegate.java:99) ~[spring-test-5.2.8.RELEASE.jar:5.2.8.RELEASE]
	at org.springframework.test.context.cache.DefaultCacheAwareContextLoaderDelegate.loadContext(DefaultCacheAwareContextLoaderDelegate.java:124) ~[spring-test-5.2.8.RELEASE.jar:5.2.8.RELEASE]
	... 46 common frames omitted
Caused by: org.springframework.beans.factory.NoSuchBeanDefinitionException: No qualifying bean of type 'org.springframework.web.client.RestTemplate' available: expected at least 1 bean which qualifies as autowire candidate. Dependency annotations: {@org.springframework.beans.factory.annotation.Autowired(required=true)}
	at org.springframework.beans.factory.support.DefaultListableBeanFactory.raiseNoMatchingBeanFound(DefaultListableBeanFactory.java:1717) ~[spring-beans-5.2.8.RELEASE.jar:5.2.8.RELEASE]
	at org.springframework.beans.factory.support.DefaultListableBeanFactory.doResolveDependency(DefaultListableBeanFactory.java:1273) ~[spring-beans-5.2.8.RELEASE.jar:5.2.8.RELEASE]
	at org.springframework.beans.factory.support.DefaultListableBeanFactory.resolveDependency(DefaultListableBeanFactory.java:1227) ~[spring-beans-5.2.8.RELEASE.jar:5.2.8.RELEASE]
	at org.springframework.beans.factory.annotation.AutowiredAnnotationBeanPostProcessor$AutowiredFieldElement.inject(AutowiredAnnotationBeanPostProcessor.java:640) ~[spring-beans-5.2.8.RELEASE.jar:5.2.8.RELEASE]
	... 65 common frames omitted

]]></system-out>
  </testcase>
</testsuite>